[1.500s] Invoking command in '/home/brl/ros2_ws/build/camera_recorder_ros': PS1=(torch) \[\e]0;\u@\h: \w\a\]${debian_chroot:+($debian_chroot)}\[\033[01;32m\]\u@\h\[\033[00m\]:\[\033[01;34m\]\w\[\033[00m\]\$ PYTHONPATH=/home/brl/ros2_ws/build/camera_recorder_ros/prefix_override:/usr/lib/python3/dist-packages/colcon_core/task/python/colcon_distutils_commands:/home/brl/ros2_ws/install/camera_recorder_ros/lib/python3.10/site-packages:${PYTHONPATH} VIRTUAL_ENV_PROMPT=(torch) /usr/bin/python3 -W ignore:setup.py install is deprecated setup.py develop --editable --build-directory /home/brl/ros2_ws/build/camera_recorder_ros/build --no-deps symlink_data
[2.064s] running develop
[2.069s] /home/brl/.local/lib/python3.10/site-packages/setuptools/command/develop.py:42: EasyInstallDeprecationWarning: easy_install command is deprecated.
[2.069s] !!
[2.069s] 
[2.069s]         ********************************************************************************
[2.069s]         Please avoid running ``setup.py`` and ``easy_install``.
[2.070s]         Instead, use pypa/build, pypa/installer or other
[2.070s]         standards-based tools.
[2.070s] 
[2.070s]         See https://github.com/pypa/setuptools/issues/917 for details.
[2.070s]         ********************************************************************************
[2.070s] 
[2.071s] !!
[2.071s]   easy_install.initialize_options(self)
[2.423s] running egg_info
[2.424s] creating camera_recorder_ros.egg-info
[2.450s] writing camera_recorder_ros.egg-info/PKG-INFO
[2.451s] writing dependency_links to camera_recorder_ros.egg-info/dependency_links.txt
[2.451s] writing entry points to camera_recorder_ros.egg-info/entry_points.txt
[2.452s] writing requirements to camera_recorder_ros.egg-info/requires.txt
[2.452s] writing top-level names to camera_recorder_ros.egg-info/top_level.txt
[2.452s] writing manifest file 'camera_recorder_ros.egg-info/SOURCES.txt'
[2.505s] reading manifest file 'camera_recorder_ros.egg-info/SOURCES.txt'
[2.506s] writing manifest file 'camera_recorder_ros.egg-info/SOURCES.txt'
[2.535s] running build_ext
[2.535s] Creating /home/brl/ros2_ws/install/camera_recorder_ros/lib/python3.10/site-packages/camera-recorder-ros.egg-link (link to .)
[2.536s] Installing camera_recorder_node script to /home/brl/ros2_ws/install/camera_recorder_ros/lib/camera_recorder_ros
[2.537s] Installing camera_recorder_service_node script to /home/brl/ros2_ws/install/camera_recorder_ros/lib/camera_recorder_ros
[2.537s] 
[2.537s] Installed /home/brl/ros2_ws/build/camera_recorder_ros
[2.538s] running symlink_data
[2.538s] creating /home/brl/ros2_ws/install/camera_recorder_ros/share/ament_index
[2.538s] creating /home/brl/ros2_ws/install/camera_recorder_ros/share/ament_index/resource_index
[2.539s] creating /home/brl/ros2_ws/install/camera_recorder_ros/share/ament_index/resource_index/packages
[2.539s] symbolically linking /home/brl/ros2_ws/build/camera_recorder_ros/resource/camera_recorder_ros -> /home/brl/ros2_ws/install/camera_recorder_ros/share/ament_index/resource_index/packages
[2.539s] symbolically linking /home/brl/ros2_ws/build/camera_recorder_ros/package.xml -> /home/brl/ros2_ws/install/camera_recorder_ros/share/camera_recorder_ros
[2.539s] creating /home/brl/ros2_ws/install/camera_recorder_ros/share/camera_recorder_ros/launch
[2.540s] symbolically linking /home/brl/ros2_ws/build/camera_recorder_ros/launch/camera_recorder.launch.py -> /home/brl/ros2_ws/install/camera_recorder_ros/share/camera_recorder_ros/launch
[2.629s] Invoked command in '/home/brl/ros2_ws/build/camera_recorder_ros' returned '0': PS1=(torch) \[\e]0;\u@\h: \w\a\]${debian_chroot:+($debian_chroot)}\[\033[01;32m\]\u@\h\[\033[00m\]:\[\033[01;34m\]\w\[\033[00m\]\$ PYTHONPATH=/home/brl/ros2_ws/build/camera_recorder_ros/prefix_override:/usr/lib/python3/dist-packages/colcon_core/task/python/colcon_distutils_commands:/home/brl/ros2_ws/install/camera_recorder_ros/lib/python3.10/site-packages:${PYTHONPATH} VIRTUAL_ENV_PROMPT=(torch) /usr/bin/python3 -W ignore:setup.py install is deprecated setup.py develop --editable --build-directory /home/brl/ros2_ws/build/camera_recorder_ros/build --no-deps symlink_data
