[0.187s] DEBUG:colcon:Command line arguments: ['/usr/bin/colcon', 'build', '--packages-select', 'camera_recorder_ros', '--symlink-install']
[0.187s] DEBUG:colcon:Parsed command line arguments: Namespace(log_base=None, log_level=None, verb_name='build', build_base='build', install_base='install', merge_install=False, symlink_install=True, test_result_base=None, continue_on_error=False, executor='parallel', parallel_workers=8, event_handlers=None, ignore_user_meta=False, metas=['./colcon.meta'], base_paths=['.'], packages_ignore=None, packages_ignore_regex=None, paths=None, packages_up_to=None, packages_up_to_regex=None, packages_above=None, packages_above_and_dependencies=None, packages_above_depth=None, packages_select_by_dep=None, packages_skip_by_dep=None, packages_skip_up_to=None, packages_select_build_failed=False, packages_skip_build_finished=False, packages_select_test_failures=False, packages_skip_test_passed=False, packages_select=['camera_recorder_ros'], packages_skip=None, packages_select_regex=None, packages_skip_regex=None, packages_start=None, packages_end=None, allow_overriding=[], cmake_args=None, cmake_target=None, cmake_target_skip_unavailable=False, cmake_clean_cache=False, cmake_clean_first=False, cmake_force_configure=False, ament_cmake_args=None, catkin_cmake_args=None, catkin_skip_building_tests=False, mixin_files=None, mixin=None, verb_parser=<colcon_mixin.mixin.mixin_argument.MixinArgumentDecorator object at 0xffffb15e2ef0>, verb_extension=<colcon_core.verb.build.BuildVerb object at 0xffffb15e2920>, main=<bound method BuildVerb.main of <colcon_core.verb.build.BuildVerb object at 0xffffb15e2920>>, mixin_verb=('build',))
[0.254s] Level 1:colcon.colcon_core.package_discovery:discover_packages(colcon_meta) check parameters
[0.254s] Level 1:colcon.colcon_core.package_discovery:discover_packages(recursive) check parameters
[0.254s] Level 1:colcon.colcon_core.package_discovery:discover_packages(ignore) check parameters
[0.254s] Level 1:colcon.colcon_core.package_discovery:discover_packages(path) check parameters
[0.254s] Level 1:colcon.colcon_core.package_discovery:discover_packages(colcon_meta) discover
[0.254s] Level 1:colcon.colcon_core.package_discovery:discover_packages(recursive) discover
[0.254s] INFO:colcon.colcon_core.package_discovery:Crawling recursively for packages in '/home/brl/ros2_ws'
[0.255s] Level 1:colcon.colcon_core.package_identification:_identify(.) by extensions ['ignore', 'ignore_ament_install']
[0.255s] Level 1:colcon.colcon_core.package_identification:_identify(.) by extension 'ignore'
[0.255s] Level 1:colcon.colcon_core.package_identification:_identify(.) by extension 'ignore_ament_install'
[0.255s] Level 1:colcon.colcon_core.package_identification:_identify(.) by extensions ['colcon_pkg']
[0.255s] Level 1:colcon.colcon_core.package_identification:_identify(.) by extension 'colcon_pkg'
[0.255s] Level 1:colcon.colcon_core.package_identification:_identify(.) by extensions ['colcon_meta']
[0.255s] Level 1:colcon.colcon_core.package_identification:_identify(.) by extension 'colcon_meta'
[0.256s] Level 1:colcon.colcon_core.package_identification:_identify(.) by extensions ['ros']
[0.256s] Level 1:colcon.colcon_core.package_identification:_identify(.) by extension 'ros'
[0.281s] Level 1:colcon.colcon_core.package_identification:_identify(.) by extensions ['cmake', 'python']
[0.281s] Level 1:colcon.colcon_core.package_identification:_identify(.) by extension 'cmake'
[0.281s] Level 1:colcon.colcon_core.package_identification:_identify(.) by extension 'python'
[0.281s] Level 1:colcon.colcon_core.package_identification:_identify(.) by extensions ['python_setup_py']
[0.282s] Level 1:colcon.colcon_core.package_identification:_identify(.) by extension 'python_setup_py'
[0.282s] Level 1:colcon.colcon_core.package_identification:_identify(build) by extensions ['ignore', 'ignore_ament_install']
[0.282s] Level 1:colcon.colcon_core.package_identification:_identify(build) by extension 'ignore'
[0.282s] Level 1:colcon.colcon_core.package_identification:_identify(build) ignored
[0.282s] Level 1:colcon.colcon_core.package_identification:_identify(install) by extensions ['ignore', 'ignore_ament_install']
[0.283s] Level 1:colcon.colcon_core.package_identification:_identify(install) by extension 'ignore'
[0.283s] Level 1:colcon.colcon_core.package_identification:_identify(install) ignored
[0.283s] Level 1:colcon.colcon_core.package_identification:_identify(log) by extensions ['ignore', 'ignore_ament_install']
[0.283s] Level 1:colcon.colcon_core.package_identification:_identify(log) by extension 'ignore'
[0.283s] Level 1:colcon.colcon_core.package_identification:_identify(log) ignored
[0.283s] Level 1:colcon.colcon_core.package_identification:_identify(src) by extensions ['ignore', 'ignore_ament_install']
[0.283s] Level 1:colcon.colcon_core.package_identification:_identify(src) by extension 'ignore'
[0.283s] Level 1:colcon.colcon_core.package_identification:_identify(src) by extension 'ignore_ament_install'
[0.284s] Level 1:colcon.colcon_core.package_identification:_identify(src) by extensions ['colcon_pkg']
[0.284s] Level 1:colcon.colcon_core.package_identification:_identify(src) by extension 'colcon_pkg'
[0.284s] Level 1:colcon.colcon_core.package_identification:_identify(src) by extensions ['colcon_meta']
[0.284s] Level 1:colcon.colcon_core.package_identification:_identify(src) by extension 'colcon_meta'
[0.284s] Level 1:colcon.colcon_core.package_identification:_identify(src) by extensions ['ros']
[0.284s] Level 1:colcon.colcon_core.package_identification:_identify(src) by extension 'ros'
[0.284s] Level 1:colcon.colcon_core.package_identification:_identify(src) by extensions ['cmake', 'python']
[0.284s] Level 1:colcon.colcon_core.package_identification:_identify(src) by extension 'cmake'
[0.284s] Level 1:colcon.colcon_core.package_identification:_identify(src) by extension 'python'
[0.284s] Level 1:colcon.colcon_core.package_identification:_identify(src) by extensions ['python_setup_py']
[0.284s] Level 1:colcon.colcon_core.package_identification:_identify(src) by extension 'python_setup_py'
[0.284s] Level 1:colcon.colcon_core.package_identification:_identify(src/camera_recorder_ros) by extensions ['ignore', 'ignore_ament_install']
[0.285s] Level 1:colcon.colcon_core.package_identification:_identify(src/camera_recorder_ros) by extension 'ignore'
[0.285s] Level 1:colcon.colcon_core.package_identification:_identify(src/camera_recorder_ros) by extension 'ignore_ament_install'
[0.285s] Level 1:colcon.colcon_core.package_identification:_identify(src/camera_recorder_ros) by extensions ['colcon_pkg']
[0.285s] Level 1:colcon.colcon_core.package_identification:_identify(src/camera_recorder_ros) by extension 'colcon_pkg'
[0.285s] Level 1:colcon.colcon_core.package_identification:_identify(src/camera_recorder_ros) by extensions ['colcon_meta']
[0.285s] Level 1:colcon.colcon_core.package_identification:_identify(src/camera_recorder_ros) by extension 'colcon_meta'
[0.285s] Level 1:colcon.colcon_core.package_identification:_identify(src/camera_recorder_ros) by extensions ['ros']
[0.285s] Level 1:colcon.colcon_core.package_identification:_identify(src/camera_recorder_ros) by extension 'ros'
[0.289s] DEBUG:colcon.colcon_core.package_identification:Package 'src/camera_recorder_ros' with type 'ros.ament_python' and name 'camera_recorder_ros'
[0.289s] Level 1:colcon.colcon_core.package_identification:_identify(temp) by extensions ['ignore', 'ignore_ament_install']
[0.290s] Level 1:colcon.colcon_core.package_identification:_identify(temp) by extension 'ignore'
[0.290s] Level 1:colcon.colcon_core.package_identification:_identify(temp) by extension 'ignore_ament_install'
[0.290s] Level 1:colcon.colcon_core.package_identification:_identify(temp) by extensions ['colcon_pkg']
[0.290s] Level 1:colcon.colcon_core.package_identification:_identify(temp) by extension 'colcon_pkg'
[0.290s] Level 1:colcon.colcon_core.package_identification:_identify(temp) by extensions ['colcon_meta']
[0.290s] Level 1:colcon.colcon_core.package_identification:_identify(temp) by extension 'colcon_meta'
[0.290s] Level 1:colcon.colcon_core.package_identification:_identify(temp) by extensions ['ros']
[0.290s] Level 1:colcon.colcon_core.package_identification:_identify(temp) by extension 'ros'
[0.290s] Level 1:colcon.colcon_core.package_identification:_identify(temp) by extensions ['cmake', 'python']
[0.290s] Level 1:colcon.colcon_core.package_identification:_identify(temp) by extension 'cmake'
[0.291s] Level 1:colcon.colcon_core.package_identification:_identify(temp) by extension 'python'
[0.291s] Level 1:colcon.colcon_core.package_identification:_identify(temp) by extensions ['python_setup_py']
[0.291s] Level 1:colcon.colcon_core.package_identification:_identify(temp) by extension 'python_setup_py'
[0.291s] Level 1:colcon.colcon_core.package_identification:_identify(temp/run_20250407_084242) by extensions ['ignore', 'ignore_ament_install']
[0.291s] Level 1:colcon.colcon_core.package_identification:_identify(temp/run_20250407_084242) by extension 'ignore'
[0.291s] Level 1:colcon.colcon_core.package_identification:_identify(temp/run_20250407_084242) by extension 'ignore_ament_install'
[0.291s] Level 1:colcon.colcon_core.package_identification:_identify(temp/run_20250407_084242) by extensions ['colcon_pkg']
[0.291s] Level 1:colcon.colcon_core.package_identification:_identify(temp/run_20250407_084242) by extension 'colcon_pkg'
[0.291s] Level 1:colcon.colcon_core.package_identification:_identify(temp/run_20250407_084242) by extensions ['colcon_meta']
[0.291s] Level 1:colcon.colcon_core.package_identification:_identify(temp/run_20250407_084242) by extension 'colcon_meta'
[0.291s] Level 1:colcon.colcon_core.package_identification:_identify(temp/run_20250407_084242) by extensions ['ros']
[0.292s] Level 1:colcon.colcon_core.package_identification:_identify(temp/run_20250407_084242) by extension 'ros'
[0.292s] Level 1:colcon.colcon_core.package_identification:_identify(temp/run_20250407_084242) by extensions ['cmake', 'python']
[0.292s] Level 1:colcon.colcon_core.package_identification:_identify(temp/run_20250407_084242) by extension 'cmake'
[0.292s] Level 1:colcon.colcon_core.package_identification:_identify(temp/run_20250407_084242) by extension 'python'
[0.292s] Level 1:colcon.colcon_core.package_identification:_identify(temp/run_20250407_084242) by extensions ['python_setup_py']
[0.292s] Level 1:colcon.colcon_core.package_identification:_identify(temp/run_20250407_084242) by extension 'python_setup_py'
[0.292s] Level 1:colcon.colcon_core.package_identification:_identify(temp/run_20250407_093510) by extensions ['ignore', 'ignore_ament_install']
[0.292s] Level 1:colcon.colcon_core.package_identification:_identify(temp/run_20250407_093510) by extension 'ignore'
[0.292s] Level 1:colcon.colcon_core.package_identification:_identify(temp/run_20250407_093510) by extension 'ignore_ament_install'
[0.292s] Level 1:colcon.colcon_core.package_identification:_identify(temp/run_20250407_093510) by extensions ['colcon_pkg']
[0.292s] Level 1:colcon.colcon_core.package_identification:_identify(temp/run_20250407_093510) by extension 'colcon_pkg'
[0.293s] Level 1:colcon.colcon_core.package_identification:_identify(temp/run_20250407_093510) by extensions ['colcon_meta']
[0.293s] Level 1:colcon.colcon_core.package_identification:_identify(temp/run_20250407_093510) by extension 'colcon_meta'
[0.293s] Level 1:colcon.colcon_core.package_identification:_identify(temp/run_20250407_093510) by extensions ['ros']
[0.293s] Level 1:colcon.colcon_core.package_identification:_identify(temp/run_20250407_093510) by extension 'ros'
[0.293s] Level 1:colcon.colcon_core.package_identification:_identify(temp/run_20250407_093510) by extensions ['cmake', 'python']
[0.293s] Level 1:colcon.colcon_core.package_identification:_identify(temp/run_20250407_093510) by extension 'cmake'
[0.293s] Level 1:colcon.colcon_core.package_identification:_identify(temp/run_20250407_093510) by extension 'python'
[0.293s] Level 1:colcon.colcon_core.package_identification:_identify(temp/run_20250407_093510) by extensions ['python_setup_py']
[0.293s] Level 1:colcon.colcon_core.package_identification:_identify(temp/run_20250407_093510) by extension 'python_setup_py'
[0.293s] Level 1:colcon.colcon_core.package_identification:_identify(temp/run_20250407_093529) by extensions ['ignore', 'ignore_ament_install']
[0.293s] Level 1:colcon.colcon_core.package_identification:_identify(temp/run_20250407_093529) by extension 'ignore'
[0.293s] Level 1:colcon.colcon_core.package_identification:_identify(temp/run_20250407_093529) by extension 'ignore_ament_install'
[0.294s] Level 1:colcon.colcon_core.package_identification:_identify(temp/run_20250407_093529) by extensions ['colcon_pkg']
[0.294s] Level 1:colcon.colcon_core.package_identification:_identify(temp/run_20250407_093529) by extension 'colcon_pkg'
[0.294s] Level 1:colcon.colcon_core.package_identification:_identify(temp/run_20250407_093529) by extensions ['colcon_meta']
[0.294s] Level 1:colcon.colcon_core.package_identification:_identify(temp/run_20250407_093529) by extension 'colcon_meta'
[0.294s] Level 1:colcon.colcon_core.package_identification:_identify(temp/run_20250407_093529) by extensions ['ros']
[0.294s] Level 1:colcon.colcon_core.package_identification:_identify(temp/run_20250407_093529) by extension 'ros'
[0.294s] Level 1:colcon.colcon_core.package_identification:_identify(temp/run_20250407_093529) by extensions ['cmake', 'python']
[0.294s] Level 1:colcon.colcon_core.package_identification:_identify(temp/run_20250407_093529) by extension 'cmake'
[0.294s] Level 1:colcon.colcon_core.package_identification:_identify(temp/run_20250407_093529) by extension 'python'
[0.294s] Level 1:colcon.colcon_core.package_identification:_identify(temp/run_20250407_093529) by extensions ['python_setup_py']
[0.294s] Level 1:colcon.colcon_core.package_identification:_identify(temp/run_20250407_093529) by extension 'python_setup_py'
[0.294s] Level 1:colcon.colcon_core.package_identification:_identify(temp/run_20250408_063120) by extensions ['ignore', 'ignore_ament_install']
[0.295s] Level 1:colcon.colcon_core.package_identification:_identify(temp/run_20250408_063120) by extension 'ignore'
[0.295s] Level 1:colcon.colcon_core.package_identification:_identify(temp/run_20250408_063120) by extension 'ignore_ament_install'
[0.295s] Level 1:colcon.colcon_core.package_identification:_identify(temp/run_20250408_063120) by extensions ['colcon_pkg']
[0.295s] Level 1:colcon.colcon_core.package_identification:_identify(temp/run_20250408_063120) by extension 'colcon_pkg'
[0.295s] Level 1:colcon.colcon_core.package_identification:_identify(temp/run_20250408_063120) by extensions ['colcon_meta']
[0.295s] Level 1:colcon.colcon_core.package_identification:_identify(temp/run_20250408_063120) by extension 'colcon_meta'
[0.295s] Level 1:colcon.colcon_core.package_identification:_identify(temp/run_20250408_063120) by extensions ['ros']
[0.295s] Level 1:colcon.colcon_core.package_identification:_identify(temp/run_20250408_063120) by extension 'ros'
[0.295s] Level 1:colcon.colcon_core.package_identification:_identify(temp/run_20250408_063120) by extensions ['cmake', 'python']
[0.295s] Level 1:colcon.colcon_core.package_identification:_identify(temp/run_20250408_063120) by extension 'cmake'
[0.295s] Level 1:colcon.colcon_core.package_identification:_identify(temp/run_20250408_063120) by extension 'python'
[0.295s] Level 1:colcon.colcon_core.package_identification:_identify(temp/run_20250408_063120) by extensions ['python_setup_py']
[0.295s] Level 1:colcon.colcon_core.package_identification:_identify(temp/run_20250408_063120) by extension 'python_setup_py'
[0.296s] Level 1:colcon.colcon_core.package_discovery:discover_packages(recursive) using defaults
[0.296s] Level 1:colcon.colcon_core.package_discovery:discover_packages(ignore) discover
[0.296s] Level 1:colcon.colcon_core.package_discovery:discover_packages(ignore) using defaults
[0.296s] Level 1:colcon.colcon_core.package_discovery:discover_packages(path) discover
[0.296s] Level 1:colcon.colcon_core.package_discovery:discover_packages(path) using defaults
[0.330s] Level 1:colcon.colcon_core.package_discovery:discover_packages(prefix_path) check parameters
[0.331s] Level 1:colcon.colcon_core.package_discovery:discover_packages(prefix_path) discover
[0.332s] WARNING:colcon.colcon_ros.prefix_path.ament:The path '/home/brl/ros2_ws/install/camera_recorder_ros' in the environment variable AMENT_PREFIX_PATH doesn't exist
[0.333s] WARNING:colcon.colcon_ros.prefix_path.catkin:The path '/home/brl/ros2_ws/install/camera_recorder_ros' in the environment variable CMAKE_PREFIX_PATH doesn't exist
[0.334s] DEBUG:colcon.colcon_installed_package_information.package_discovery:Found 1 installed packages in /home/brl/ros2_ws/install
[0.336s] DEBUG:colcon.colcon_installed_package_information.package_discovery:Found 277 installed packages in /opt/ros/humble
[0.338s] Level 1:colcon.colcon_core.package_discovery:discover_packages(prefix_path) using defaults
[0.398s] Level 5:colcon.colcon_core.verb:set package 'camera_recorder_ros' build argument 'cmake_args' from command line to 'None'
[0.398s] Level 5:colcon.colcon_core.verb:set package 'camera_recorder_ros' build argument 'cmake_target' from command line to 'None'
[0.398s] Level 5:colcon.colcon_core.verb:set package 'camera_recorder_ros' build argument 'cmake_target_skip_unavailable' from command line to 'False'
[0.398s] Level 5:colcon.colcon_core.verb:set package 'camera_recorder_ros' build argument 'cmake_clean_cache' from command line to 'False'
[0.398s] Level 5:colcon.colcon_core.verb:set package 'camera_recorder_ros' build argument 'cmake_clean_first' from command line to 'False'
[0.398s] Level 5:colcon.colcon_core.verb:set package 'camera_recorder_ros' build argument 'cmake_force_configure' from command line to 'False'
[0.398s] Level 5:colcon.colcon_core.verb:set package 'camera_recorder_ros' build argument 'ament_cmake_args' from command line to 'None'
[0.398s] Level 5:colcon.colcon_core.verb:set package 'camera_recorder_ros' build argument 'catkin_cmake_args' from command line to 'None'
[0.398s] Level 5:colcon.colcon_core.verb:set package 'camera_recorder_ros' build argument 'catkin_skip_building_tests' from command line to 'False'
[0.398s] DEBUG:colcon.colcon_core.verb:Building package 'camera_recorder_ros' with the following arguments: {'ament_cmake_args': None, 'build_base': '/home/brl/ros2_ws/build/camera_recorder_ros', 'catkin_cmake_args': None, 'catkin_skip_building_tests': False, 'cmake_args': None, 'cmake_clean_cache': False, 'cmake_clean_first': False, 'cmake_force_configure': False, 'cmake_target': None, 'cmake_target_skip_unavailable': False, 'install_base': '/home/brl/ros2_ws/install/camera_recorder_ros', 'merge_install': False, 'path': '/home/brl/ros2_ws/src/camera_recorder_ros', 'symlink_install': True, 'test_result_base': None}
[0.399s] INFO:colcon.colcon_core.executor:Executing jobs using 'parallel' executor
[0.401s] DEBUG:colcon.colcon_parallel_executor.executor.parallel:run_until_complete
[0.401s] INFO:colcon.colcon_ros.task.ament_python.build:Building ROS package in '/home/brl/ros2_ws/src/camera_recorder_ros' with build type 'ament_python'
[0.402s] Level 1:colcon.colcon_core.shell:create_environment_hook('camera_recorder_ros', 'ament_prefix_path')
[0.405s] INFO:colcon.colcon_core.plugin_system:Skipping extension 'colcon_core.shell.bat': Not used on non-Windows systems
[0.406s] INFO:colcon.colcon_core.shell:Creating environment hook '/home/brl/ros2_ws/install/camera_recorder_ros/share/camera_recorder_ros/hook/ament_prefix_path.ps1'
[0.407s] INFO:colcon.colcon_core.shell:Creating environment descriptor '/home/brl/ros2_ws/install/camera_recorder_ros/share/camera_recorder_ros/hook/ament_prefix_path.dsv'
[0.408s] INFO:colcon.colcon_core.shell:Creating environment hook '/home/brl/ros2_ws/install/camera_recorder_ros/share/camera_recorder_ros/hook/ament_prefix_path.sh'
[0.409s] INFO:colcon.colcon_core.shell:Skip shell extension 'powershell' for command environment: Not usable outside of PowerShell
[0.409s] DEBUG:colcon.colcon_core.shell:Skip shell extension 'dsv' for command environment
[0.833s] INFO:colcon.colcon_core.task.python.build:Building Python package in '/home/brl/ros2_ws/src/camera_recorder_ros'
[0.834s] INFO:colcon.colcon_core.shell:Skip shell extension 'powershell' for command environment: Not usable outside of PowerShell
[0.834s] DEBUG:colcon.colcon_core.shell:Skip shell extension 'dsv' for command environment
[1.902s] DEBUG:colcon.colcon_core.event_handler.log_command:Invoking command in '/home/brl/ros2_ws/build/camera_recorder_ros': PS1=(torch) \[\e]0;\u@\h: \w\a\]${debian_chroot:+($debian_chroot)}\[\033[01;32m\]\u@\h\[\033[00m\]:\[\033[01;34m\]\w\[\033[00m\]\$ PYTHONPATH=/home/brl/ros2_ws/build/camera_recorder_ros/prefix_override:/usr/lib/python3/dist-packages/colcon_core/task/python/colcon_distutils_commands:/home/brl/ros2_ws/install/camera_recorder_ros/lib/python3.10/site-packages:${PYTHONPATH} VIRTUAL_ENV_PROMPT=(torch) /usr/bin/python3 -W ignore:setup.py install is deprecated setup.py develop --editable --build-directory /home/brl/ros2_ws/build/camera_recorder_ros/build --no-deps symlink_data
[3.029s] Level 1:colcon.colcon_core.shell:create_environment_hook('camera_recorder_ros', 'pythonpath_develop')
[3.030s] INFO:colcon.colcon_core.shell:Creating environment hook '/home/brl/ros2_ws/build/camera_recorder_ros/share/camera_recorder_ros/hook/pythonpath_develop.ps1'
[3.031s] DEBUG:colcon.colcon_core.event_handler.log_command:Invoked command in '/home/brl/ros2_ws/build/camera_recorder_ros' returned '0': PS1=(torch) \[\e]0;\u@\h: \w\a\]${debian_chroot:+($debian_chroot)}\[\033[01;32m\]\u@\h\[\033[00m\]:\[\033[01;34m\]\w\[\033[00m\]\$ PYTHONPATH=/home/brl/ros2_ws/build/camera_recorder_ros/prefix_override:/usr/lib/python3/dist-packages/colcon_core/task/python/colcon_distutils_commands:/home/brl/ros2_ws/install/camera_recorder_ros/lib/python3.10/site-packages:${PYTHONPATH} VIRTUAL_ENV_PROMPT=(torch) /usr/bin/python3 -W ignore:setup.py install is deprecated setup.py develop --editable --build-directory /home/brl/ros2_ws/build/camera_recorder_ros/build --no-deps symlink_data
[3.033s] INFO:colcon.colcon_core.shell:Creating environment descriptor '/home/brl/ros2_ws/build/camera_recorder_ros/share/camera_recorder_ros/hook/pythonpath_develop.dsv'
[3.034s] INFO:colcon.colcon_core.shell:Creating environment hook '/home/brl/ros2_ws/build/camera_recorder_ros/share/camera_recorder_ros/hook/pythonpath_develop.sh'
[3.044s] Level 1:colcon.colcon_core.environment:checking '/home/brl/ros2_ws/install/camera_recorder_ros' for CMake module files
[3.045s] Level 1:colcon.colcon_core.environment:checking '/home/brl/ros2_ws/install/camera_recorder_ros' for CMake config files
[3.048s] Level 1:colcon.colcon_core.environment:checking '/home/brl/ros2_ws/install/camera_recorder_ros/lib'
[3.048s] Level 1:colcon.colcon_core.environment:checking '/home/brl/ros2_ws/install/camera_recorder_ros/bin'
[3.049s] Level 1:colcon.colcon_core.environment:checking '/home/brl/ros2_ws/install/camera_recorder_ros/lib/pkgconfig/camera_recorder_ros.pc'
[3.049s] Level 1:colcon.colcon_core.environment:checking '/home/brl/ros2_ws/install/camera_recorder_ros/lib/python3.10/site-packages'
[3.050s] Level 1:colcon.colcon_core.shell:create_environment_hook('camera_recorder_ros', 'pythonpath')
[3.051s] INFO:colcon.colcon_core.shell:Creating environment hook '/home/brl/ros2_ws/install/camera_recorder_ros/share/camera_recorder_ros/hook/pythonpath.ps1'
[3.052s] INFO:colcon.colcon_core.shell:Creating environment descriptor '/home/brl/ros2_ws/install/camera_recorder_ros/share/camera_recorder_ros/hook/pythonpath.dsv'
[3.053s] INFO:colcon.colcon_core.shell:Creating environment hook '/home/brl/ros2_ws/install/camera_recorder_ros/share/camera_recorder_ros/hook/pythonpath.sh'
[3.055s] Level 1:colcon.colcon_core.environment:checking '/home/brl/ros2_ws/install/camera_recorder_ros/bin'
[3.055s] Level 1:colcon.colcon_core.environment:create_environment_scripts_only(camera_recorder_ros)
[3.056s] INFO:colcon.colcon_core.shell:Creating package script '/home/brl/ros2_ws/install/camera_recorder_ros/share/camera_recorder_ros/package.ps1'
[3.059s] INFO:colcon.colcon_core.shell:Creating package descriptor '/home/brl/ros2_ws/install/camera_recorder_ros/share/camera_recorder_ros/package.dsv'
[3.061s] INFO:colcon.colcon_core.shell:Creating package script '/home/brl/ros2_ws/install/camera_recorder_ros/share/camera_recorder_ros/package.sh'
[3.064s] INFO:colcon.colcon_core.shell:Creating package script '/home/brl/ros2_ws/install/camera_recorder_ros/share/camera_recorder_ros/package.bash'
[3.066s] INFO:colcon.colcon_core.shell:Creating package script '/home/brl/ros2_ws/install/camera_recorder_ros/share/camera_recorder_ros/package.zsh'
[3.069s] Level 1:colcon.colcon_core.environment:create_file_with_runtime_dependencies(/home/brl/ros2_ws/install/camera_recorder_ros/share/colcon-core/packages/camera_recorder_ros)
[3.070s] DEBUG:colcon.colcon_parallel_executor.executor.parallel:closing loop
[3.071s] DEBUG:colcon.colcon_parallel_executor.executor.parallel:loop closed
[3.072s] DEBUG:colcon.colcon_parallel_executor.executor.parallel:run_until_complete finished with '0'
[3.072s] DEBUG:colcon.colcon_core.event_reactor:joining thread
[3.090s] INFO:colcon.colcon_core.plugin_system:Skipping extension 'colcon_notification.desktop_notification.terminal_notifier': Not used on non-Darwin systems
[3.091s] INFO:colcon.colcon_core.plugin_system:Skipping extension 'colcon_notification.desktop_notification.win32': Not used on non-Windows systems
[3.091s] INFO:colcon.colcon_notification.desktop_notification:Sending desktop notification using 'notify2'
[3.123s] DEBUG:colcon.colcon_core.event_reactor:joined thread
[3.124s] INFO:colcon.colcon_core.shell:Creating prefix script '/home/brl/ros2_ws/install/local_setup.ps1'
[3.128s] INFO:colcon.colcon_core.shell:Creating prefix util module '/home/brl/ros2_ws/install/_local_setup_util_ps1.py'
[3.133s] INFO:colcon.colcon_core.shell:Creating prefix chain script '/home/brl/ros2_ws/install/setup.ps1'
[3.137s] INFO:colcon.colcon_core.shell:Creating prefix script '/home/brl/ros2_ws/install/local_setup.sh'
[3.139s] INFO:colcon.colcon_core.shell:Creating prefix util module '/home/brl/ros2_ws/install/_local_setup_util_sh.py'
[3.141s] INFO:colcon.colcon_core.shell:Creating prefix chain script '/home/brl/ros2_ws/install/setup.sh'
[3.145s] INFO:colcon.colcon_core.shell:Creating prefix script '/home/brl/ros2_ws/install/local_setup.bash'
[3.147s] INFO:colcon.colcon_core.shell:Creating prefix chain script '/home/brl/ros2_ws/install/setup.bash'
[3.150s] INFO:colcon.colcon_core.shell:Creating prefix script '/home/brl/ros2_ws/install/local_setup.zsh'
[3.152s] INFO:colcon.colcon_core.shell:Creating prefix chain script '/home/brl/ros2_ws/install/setup.zsh'
