[0.190s] DEBUG:colcon:Command line arguments: ['/usr/bin/colcon', 'build', '--packages-select', 'camera_recorder_ros']
[0.191s] DEBUG:colcon:Parsed command line arguments: Namespace(log_base=None, log_level=None, verb_name='build', build_base='build', install_base='install', merge_install=False, symlink_install=False, test_result_base=None, continue_on_error=False, executor='parallel', parallel_workers=8, event_handlers=None, ignore_user_meta=False, metas=['./colcon.meta'], base_paths=['.'], packages_ignore=None, packages_ignore_regex=None, paths=None, packages_up_to=None, packages_up_to_regex=None, packages_above=None, packages_above_and_dependencies=None, packages_above_depth=None, packages_select_by_dep=None, packages_skip_by_dep=None, packages_skip_up_to=None, packages_select_build_failed=False, packages_skip_build_finished=False, packages_select_test_failures=False, packages_skip_test_passed=False, packages_select=['camera_recorder_ros'], packages_skip=None, packages_select_regex=None, packages_skip_regex=None, packages_start=None, packages_end=None, allow_overriding=[], cmake_args=None, cmake_target=None, cmake_target_skip_unavailable=False, cmake_clean_cache=False, cmake_clean_first=False, cmake_force_configure=False, ament_cmake_args=None, catkin_cmake_args=None, catkin_skip_building_tests=False, mixin_files=None, mixin=None, verb_parser=<colcon_mixin.mixin.mixin_argument.MixinArgumentDecorator object at 0xffff8b222ec0>, verb_extension=<colcon_core.verb.build.BuildVerb object at 0xffff8b2228f0>, main=<bound method BuildVerb.main of <colcon_core.verb.build.BuildVerb object at 0xffff8b2228f0>>, mixin_verb=('build',))
[0.257s] Level 1:colcon.colcon_core.package_discovery:discover_packages(colcon_meta) check parameters
[0.257s] Level 1:colcon.colcon_core.package_discovery:discover_packages(recursive) check parameters
[0.257s] Level 1:colcon.colcon_core.package_discovery:discover_packages(ignore) check parameters
[0.257s] Level 1:colcon.colcon_core.package_discovery:discover_packages(path) check parameters
[0.257s] Level 1:colcon.colcon_core.package_discovery:discover_packages(colcon_meta) discover
[0.258s] Level 1:colcon.colcon_core.package_discovery:discover_packages(recursive) discover
[0.258s] INFO:colcon.colcon_core.package_discovery:Crawling recursively for packages in '/home/brl/ros2_ws'
[0.258s] Level 1:colcon.colcon_core.package_identification:_identify(.) by extensions ['ignore', 'ignore_ament_install']
[0.258s] Level 1:colcon.colcon_core.package_identification:_identify(.) by extension 'ignore'
[0.258s] Level 1:colcon.colcon_core.package_identification:_identify(.) by extension 'ignore_ament_install'
[0.258s] Level 1:colcon.colcon_core.package_identification:_identify(.) by extensions ['colcon_pkg']
[0.259s] Level 1:colcon.colcon_core.package_identification:_identify(.) by extension 'colcon_pkg'
[0.259s] Level 1:colcon.colcon_core.package_identification:_identify(.) by extensions ['colcon_meta']
[0.259s] Level 1:colcon.colcon_core.package_identification:_identify(.) by extension 'colcon_meta'
[0.259s] Level 1:colcon.colcon_core.package_identification:_identify(.) by extensions ['ros']
[0.259s] Level 1:colcon.colcon_core.package_identification:_identify(.) by extension 'ros'
[0.284s] Level 1:colcon.colcon_core.package_identification:_identify(.) by extensions ['cmake', 'python']
[0.284s] Level 1:colcon.colcon_core.package_identification:_identify(.) by extension 'cmake'
[0.284s] Level 1:colcon.colcon_core.package_identification:_identify(.) by extension 'python'
[0.285s] Level 1:colcon.colcon_core.package_identification:_identify(.) by extensions ['python_setup_py']
[0.285s] Level 1:colcon.colcon_core.package_identification:_identify(.) by extension 'python_setup_py'
[0.285s] Level 1:colcon.colcon_core.package_identification:_identify(build) by extensions ['ignore', 'ignore_ament_install']
[0.285s] Level 1:colcon.colcon_core.package_identification:_identify(build) by extension 'ignore'
[0.285s] Level 1:colcon.colcon_core.package_identification:_identify(build) ignored
[0.285s] Level 1:colcon.colcon_core.package_identification:_identify(install) by extensions ['ignore', 'ignore_ament_install']
[0.286s] Level 1:colcon.colcon_core.package_identification:_identify(install) by extension 'ignore'
[0.286s] Level 1:colcon.colcon_core.package_identification:_identify(install) ignored
[0.286s] Level 1:colcon.colcon_core.package_identification:_identify(log) by extensions ['ignore', 'ignore_ament_install']
[0.286s] Level 1:colcon.colcon_core.package_identification:_identify(log) by extension 'ignore'
[0.286s] Level 1:colcon.colcon_core.package_identification:_identify(log) ignored
[0.286s] Level 1:colcon.colcon_core.package_identification:_identify(src) by extensions ['ignore', 'ignore_ament_install']
[0.286s] Level 1:colcon.colcon_core.package_identification:_identify(src) by extension 'ignore'
[0.287s] Level 1:colcon.colcon_core.package_identification:_identify(src) by extension 'ignore_ament_install'
[0.287s] Level 1:colcon.colcon_core.package_identification:_identify(src) by extensions ['colcon_pkg']
[0.287s] Level 1:colcon.colcon_core.package_identification:_identify(src) by extension 'colcon_pkg'
[0.287s] Level 1:colcon.colcon_core.package_identification:_identify(src) by extensions ['colcon_meta']
[0.287s] Level 1:colcon.colcon_core.package_identification:_identify(src) by extension 'colcon_meta'
[0.287s] Level 1:colcon.colcon_core.package_identification:_identify(src) by extensions ['ros']
[0.287s] Level 1:colcon.colcon_core.package_identification:_identify(src) by extension 'ros'
[0.287s] Level 1:colcon.colcon_core.package_identification:_identify(src) by extensions ['cmake', 'python']
[0.287s] Level 1:colcon.colcon_core.package_identification:_identify(src) by extension 'cmake'
[0.287s] Level 1:colcon.colcon_core.package_identification:_identify(src) by extension 'python'
[0.287s] Level 1:colcon.colcon_core.package_identification:_identify(src) by extensions ['python_setup_py']
[0.287s] Level 1:colcon.colcon_core.package_identification:_identify(src) by extension 'python_setup_py'
[0.288s] Level 1:colcon.colcon_core.package_identification:_identify(src/camera_recorder_ros) by extensions ['ignore', 'ignore_ament_install']
[0.288s] Level 1:colcon.colcon_core.package_identification:_identify(src/camera_recorder_ros) by extension 'ignore'
[0.288s] Level 1:colcon.colcon_core.package_identification:_identify(src/camera_recorder_ros) by extension 'ignore_ament_install'
[0.288s] Level 1:colcon.colcon_core.package_identification:_identify(src/camera_recorder_ros) by extensions ['colcon_pkg']
[0.288s] Level 1:colcon.colcon_core.package_identification:_identify(src/camera_recorder_ros) by extension 'colcon_pkg'
[0.288s] Level 1:colcon.colcon_core.package_identification:_identify(src/camera_recorder_ros) by extensions ['colcon_meta']
[0.288s] Level 1:colcon.colcon_core.package_identification:_identify(src/camera_recorder_ros) by extension 'colcon_meta'
[0.288s] Level 1:colcon.colcon_core.package_identification:_identify(src/camera_recorder_ros) by extensions ['ros']
[0.288s] Level 1:colcon.colcon_core.package_identification:_identify(src/camera_recorder_ros) by extension 'ros'
[0.293s] DEBUG:colcon.colcon_core.package_identification:Package 'src/camera_recorder_ros' with type 'ros.ament_cmake' and name 'camera_recorder_ros'
[0.293s] Level 1:colcon.colcon_core.package_identification:_identify(temp) by extensions ['ignore', 'ignore_ament_install']
[0.293s] Level 1:colcon.colcon_core.package_identification:_identify(temp) by extension 'ignore'
[0.293s] Level 1:colcon.colcon_core.package_identification:_identify(temp) by extension 'ignore_ament_install'
[0.293s] Level 1:colcon.colcon_core.package_identification:_identify(temp) by extensions ['colcon_pkg']
[0.293s] Level 1:colcon.colcon_core.package_identification:_identify(temp) by extension 'colcon_pkg'
[0.293s] Level 1:colcon.colcon_core.package_identification:_identify(temp) by extensions ['colcon_meta']
[0.293s] Level 1:colcon.colcon_core.package_identification:_identify(temp) by extension 'colcon_meta'
[0.294s] Level 1:colcon.colcon_core.package_identification:_identify(temp) by extensions ['ros']
[0.294s] Level 1:colcon.colcon_core.package_identification:_identify(temp) by extension 'ros'
[0.294s] Level 1:colcon.colcon_core.package_identification:_identify(temp) by extensions ['cmake', 'python']
[0.294s] Level 1:colcon.colcon_core.package_identification:_identify(temp) by extension 'cmake'
[0.294s] Level 1:colcon.colcon_core.package_identification:_identify(temp) by extension 'python'
[0.294s] Level 1:colcon.colcon_core.package_identification:_identify(temp) by extensions ['python_setup_py']
[0.294s] Level 1:colcon.colcon_core.package_identification:_identify(temp) by extension 'python_setup_py'
[0.294s] Level 1:colcon.colcon_core.package_identification:_identify(temp/run_20250407_084242) by extensions ['ignore', 'ignore_ament_install']
[0.294s] Level 1:colcon.colcon_core.package_identification:_identify(temp/run_20250407_084242) by extension 'ignore'
[0.294s] Level 1:colcon.colcon_core.package_identification:_identify(temp/run_20250407_084242) by extension 'ignore_ament_install'
[0.295s] Level 1:colcon.colcon_core.package_identification:_identify(temp/run_20250407_084242) by extensions ['colcon_pkg']
[0.295s] Level 1:colcon.colcon_core.package_identification:_identify(temp/run_20250407_084242) by extension 'colcon_pkg'
[0.295s] Level 1:colcon.colcon_core.package_identification:_identify(temp/run_20250407_084242) by extensions ['colcon_meta']
[0.295s] Level 1:colcon.colcon_core.package_identification:_identify(temp/run_20250407_084242) by extension 'colcon_meta'
[0.295s] Level 1:colcon.colcon_core.package_identification:_identify(temp/run_20250407_084242) by extensions ['ros']
[0.295s] Level 1:colcon.colcon_core.package_identification:_identify(temp/run_20250407_084242) by extension 'ros'
[0.295s] Level 1:colcon.colcon_core.package_identification:_identify(temp/run_20250407_084242) by extensions ['cmake', 'python']
[0.295s] Level 1:colcon.colcon_core.package_identification:_identify(temp/run_20250407_084242) by extension 'cmake'
[0.295s] Level 1:colcon.colcon_core.package_identification:_identify(temp/run_20250407_084242) by extension 'python'
[0.295s] Level 1:colcon.colcon_core.package_identification:_identify(temp/run_20250407_084242) by extensions ['python_setup_py']
[0.295s] Level 1:colcon.colcon_core.package_identification:_identify(temp/run_20250407_084242) by extension 'python_setup_py'
[0.295s] Level 1:colcon.colcon_core.package_identification:_identify(temp/run_20250407_093510) by extensions ['ignore', 'ignore_ament_install']
[0.296s] Level 1:colcon.colcon_core.package_identification:_identify(temp/run_20250407_093510) by extension 'ignore'
[0.296s] Level 1:colcon.colcon_core.package_identification:_identify(temp/run_20250407_093510) by extension 'ignore_ament_install'
[0.296s] Level 1:colcon.colcon_core.package_identification:_identify(temp/run_20250407_093510) by extensions ['colcon_pkg']
[0.296s] Level 1:colcon.colcon_core.package_identification:_identify(temp/run_20250407_093510) by extension 'colcon_pkg'
[0.296s] Level 1:colcon.colcon_core.package_identification:_identify(temp/run_20250407_093510) by extensions ['colcon_meta']
[0.296s] Level 1:colcon.colcon_core.package_identification:_identify(temp/run_20250407_093510) by extension 'colcon_meta'
[0.296s] Level 1:colcon.colcon_core.package_identification:_identify(temp/run_20250407_093510) by extensions ['ros']
[0.296s] Level 1:colcon.colcon_core.package_identification:_identify(temp/run_20250407_093510) by extension 'ros'
[0.296s] Level 1:colcon.colcon_core.package_identification:_identify(temp/run_20250407_093510) by extensions ['cmake', 'python']
[0.296s] Level 1:colcon.colcon_core.package_identification:_identify(temp/run_20250407_093510) by extension 'cmake'
[0.296s] Level 1:colcon.colcon_core.package_identification:_identify(temp/run_20250407_093510) by extension 'python'
[0.296s] Level 1:colcon.colcon_core.package_identification:_identify(temp/run_20250407_093510) by extensions ['python_setup_py']
[0.296s] Level 1:colcon.colcon_core.package_identification:_identify(temp/run_20250407_093510) by extension 'python_setup_py'
[0.297s] Level 1:colcon.colcon_core.package_identification:_identify(temp/run_20250407_093529) by extensions ['ignore', 'ignore_ament_install']
[0.297s] Level 1:colcon.colcon_core.package_identification:_identify(temp/run_20250407_093529) by extension 'ignore'
[0.297s] Level 1:colcon.colcon_core.package_identification:_identify(temp/run_20250407_093529) by extension 'ignore_ament_install'
[0.297s] Level 1:colcon.colcon_core.package_identification:_identify(temp/run_20250407_093529) by extensions ['colcon_pkg']
[0.297s] Level 1:colcon.colcon_core.package_identification:_identify(temp/run_20250407_093529) by extension 'colcon_pkg'
[0.297s] Level 1:colcon.colcon_core.package_identification:_identify(temp/run_20250407_093529) by extensions ['colcon_meta']
[0.297s] Level 1:colcon.colcon_core.package_identification:_identify(temp/run_20250407_093529) by extension 'colcon_meta'
[0.297s] Level 1:colcon.colcon_core.package_identification:_identify(temp/run_20250407_093529) by extensions ['ros']
[0.297s] Level 1:colcon.colcon_core.package_identification:_identify(temp/run_20250407_093529) by extension 'ros'
[0.297s] Level 1:colcon.colcon_core.package_identification:_identify(temp/run_20250407_093529) by extensions ['cmake', 'python']
[0.297s] Level 1:colcon.colcon_core.package_identification:_identify(temp/run_20250407_093529) by extension 'cmake'
[0.298s] Level 1:colcon.colcon_core.package_identification:_identify(temp/run_20250407_093529) by extension 'python'
[0.298s] Level 1:colcon.colcon_core.package_identification:_identify(temp/run_20250407_093529) by extensions ['python_setup_py']
[0.298s] Level 1:colcon.colcon_core.package_identification:_identify(temp/run_20250407_093529) by extension 'python_setup_py'
[0.298s] Level 1:colcon.colcon_core.package_identification:_identify(temp/run_20250408_063120) by extensions ['ignore', 'ignore_ament_install']
[0.298s] Level 1:colcon.colcon_core.package_identification:_identify(temp/run_20250408_063120) by extension 'ignore'
[0.298s] Level 1:colcon.colcon_core.package_identification:_identify(temp/run_20250408_063120) by extension 'ignore_ament_install'
[0.298s] Level 1:colcon.colcon_core.package_identification:_identify(temp/run_20250408_063120) by extensions ['colcon_pkg']
[0.298s] Level 1:colcon.colcon_core.package_identification:_identify(temp/run_20250408_063120) by extension 'colcon_pkg'
[0.298s] Level 1:colcon.colcon_core.package_identification:_identify(temp/run_20250408_063120) by extensions ['colcon_meta']
[0.298s] Level 1:colcon.colcon_core.package_identification:_identify(temp/run_20250408_063120) by extension 'colcon_meta'
[0.298s] Level 1:colcon.colcon_core.package_identification:_identify(temp/run_20250408_063120) by extensions ['ros']
[0.298s] Level 1:colcon.colcon_core.package_identification:_identify(temp/run_20250408_063120) by extension 'ros'
[0.299s] Level 1:colcon.colcon_core.package_identification:_identify(temp/run_20250408_063120) by extensions ['cmake', 'python']
[0.299s] Level 1:colcon.colcon_core.package_identification:_identify(temp/run_20250408_063120) by extension 'cmake'
[0.299s] Level 1:colcon.colcon_core.package_identification:_identify(temp/run_20250408_063120) by extension 'python'
[0.299s] Level 1:colcon.colcon_core.package_identification:_identify(temp/run_20250408_063120) by extensions ['python_setup_py']
[0.299s] Level 1:colcon.colcon_core.package_identification:_identify(temp/run_20250408_063120) by extension 'python_setup_py'
[0.299s] Level 1:colcon.colcon_core.package_discovery:discover_packages(recursive) using defaults
[0.299s] Level 1:colcon.colcon_core.package_discovery:discover_packages(ignore) discover
[0.299s] Level 1:colcon.colcon_core.package_discovery:discover_packages(ignore) using defaults
[0.299s] Level 1:colcon.colcon_core.package_discovery:discover_packages(path) discover
[0.299s] Level 1:colcon.colcon_core.package_discovery:discover_packages(path) using defaults
[0.332s] Level 1:colcon.colcon_core.package_discovery:discover_packages(prefix_path) check parameters
[0.333s] Level 1:colcon.colcon_core.package_discovery:discover_packages(prefix_path) discover
[0.334s] WARNING:colcon.colcon_ros.prefix_path.ament:The path '/home/brl/ros2_ws/install/camera_recorder_ros' in the environment variable AMENT_PREFIX_PATH doesn't exist
[0.335s] WARNING:colcon.colcon_ros.prefix_path.catkin:The path '/home/brl/ros2_ws/install/camera_recorder_ros' in the environment variable CMAKE_PREFIX_PATH doesn't exist
[0.336s] DEBUG:colcon.colcon_installed_package_information.package_discovery:Found 1 installed packages in /home/brl/ros2_ws/install
[0.338s] DEBUG:colcon.colcon_installed_package_information.package_discovery:Found 277 installed packages in /opt/ros/humble
[0.340s] Level 1:colcon.colcon_core.package_discovery:discover_packages(prefix_path) using defaults
[0.398s] Level 5:colcon.colcon_core.verb:set package 'camera_recorder_ros' build argument 'cmake_args' from command line to 'None'
[0.399s] Level 5:colcon.colcon_core.verb:set package 'camera_recorder_ros' build argument 'cmake_target' from command line to 'None'
[0.399s] Level 5:colcon.colcon_core.verb:set package 'camera_recorder_ros' build argument 'cmake_target_skip_unavailable' from command line to 'False'
[0.399s] Level 5:colcon.colcon_core.verb:set package 'camera_recorder_ros' build argument 'cmake_clean_cache' from command line to 'False'
[0.399s] Level 5:colcon.colcon_core.verb:set package 'camera_recorder_ros' build argument 'cmake_clean_first' from command line to 'False'
[0.399s] Level 5:colcon.colcon_core.verb:set package 'camera_recorder_ros' build argument 'cmake_force_configure' from command line to 'False'
[0.399s] Level 5:colcon.colcon_core.verb:set package 'camera_recorder_ros' build argument 'ament_cmake_args' from command line to 'None'
[0.399s] Level 5:colcon.colcon_core.verb:set package 'camera_recorder_ros' build argument 'catkin_cmake_args' from command line to 'None'
[0.399s] Level 5:colcon.colcon_core.verb:set package 'camera_recorder_ros' build argument 'catkin_skip_building_tests' from command line to 'False'
[0.399s] DEBUG:colcon.colcon_core.verb:Building package 'camera_recorder_ros' with the following arguments: {'ament_cmake_args': None, 'build_base': '/home/brl/ros2_ws/build/camera_recorder_ros', 'catkin_cmake_args': None, 'catkin_skip_building_tests': False, 'cmake_args': None, 'cmake_clean_cache': False, 'cmake_clean_first': False, 'cmake_force_configure': False, 'cmake_target': None, 'cmake_target_skip_unavailable': False, 'install_base': '/home/brl/ros2_ws/install/camera_recorder_ros', 'merge_install': False, 'path': '/home/brl/ros2_ws/src/camera_recorder_ros', 'symlink_install': False, 'test_result_base': None}
[0.399s] INFO:colcon.colcon_core.executor:Executing jobs using 'parallel' executor
[0.402s] DEBUG:colcon.colcon_parallel_executor.executor.parallel:run_until_complete
[0.403s] INFO:colcon.colcon_ros.task.ament_cmake.build:Building ROS package in '/home/brl/ros2_ws/src/camera_recorder_ros' with build type 'ament_cmake'
[0.403s] INFO:colcon.colcon_cmake.task.cmake.build:Building CMake package in '/home/brl/ros2_ws/src/camera_recorder_ros'
[0.406s] INFO:colcon.colcon_core.plugin_system:Skipping extension 'colcon_core.shell.bat': Not used on non-Windows systems
[0.407s] INFO:colcon.colcon_core.shell:Skip shell extension 'powershell' for command environment: Not usable outside of PowerShell
[0.407s] DEBUG:colcon.colcon_core.shell:Skip shell extension 'dsv' for command environment
[0.421s] DEBUG:colcon.colcon_core.event_handler.log_command:Invoking command in '/home/brl/ros2_ws/build/camera_recorder_ros': CMAKE_PREFIX_PATH=${CMAKE_PREFIX_PATH}:/home/brl/ros2_ws/install/camera_recorder:/opt/ros/humble PS1=(torch) \[\e]0;\u@\h: \w\a\]${debian_chroot:+($debian_chroot)}\[\033[01;32m\]\u@\h\[\033[00m\]:\[\033[01;34m\]\w\[\033[00m\]\$ VIRTUAL_ENV_PROMPT=(torch) /usr/bin/cmake /home/brl/ros2_ws/src/camera_recorder_ros -DCMAKE_INSTALL_PREFIX=/home/brl/ros2_ws/install/camera_recorder_ros
[4.014s] DEBUG:colcon.colcon_core.event_handler.log_command:Invoked command in '/home/brl/ros2_ws/build/camera_recorder_ros' returned '1': CMAKE_PREFIX_PATH=${CMAKE_PREFIX_PATH}:/home/brl/ros2_ws/install/camera_recorder:/opt/ros/humble PS1=(torch) \[\e]0;\u@\h: \w\a\]${debian_chroot:+($debian_chroot)}\[\033[01;32m\]\u@\h\[\033[00m\]:\[\033[01;34m\]\w\[\033[00m\]\$ VIRTUAL_ENV_PROMPT=(torch) /usr/bin/cmake /home/brl/ros2_ws/src/camera_recorder_ros -DCMAKE_INSTALL_PREFIX=/home/brl/ros2_ws/install/camera_recorder_ros
[4.039s] Level 1:colcon.colcon_core.environment:create_environment_scripts_only(camera_recorder_ros)
[4.045s] Level 1:colcon.colcon_core.environment:checking '/home/brl/ros2_ws/install/camera_recorder_ros' for CMake module files
[4.046s] Level 1:colcon.colcon_core.environment:checking '/home/brl/ros2_ws/install/camera_recorder_ros' for CMake config files
[4.047s] Level 1:colcon.colcon_core.environment:checking '/home/brl/ros2_ws/install/camera_recorder_ros/bin'
[4.047s] Level 1:colcon.colcon_core.environment:checking '/home/brl/ros2_ws/install/camera_recorder_ros/lib/pkgconfig/camera_recorder_ros.pc'
[4.048s] Level 1:colcon.colcon_core.environment:checking '/home/brl/ros2_ws/install/camera_recorder_ros/lib/python3.10/site-packages'
[4.049s] Level 1:colcon.colcon_core.environment:checking '/home/brl/ros2_ws/install/camera_recorder_ros/bin'
[4.050s] INFO:colcon.colcon_core.shell:Creating package script '/home/brl/ros2_ws/install/camera_recorder_ros/share/camera_recorder_ros/package.ps1'
[4.052s] INFO:colcon.colcon_core.shell:Creating package descriptor '/home/brl/ros2_ws/install/camera_recorder_ros/share/camera_recorder_ros/package.dsv'
[4.053s] INFO:colcon.colcon_core.shell:Creating package script '/home/brl/ros2_ws/install/camera_recorder_ros/share/camera_recorder_ros/package.sh'
[4.054s] INFO:colcon.colcon_core.shell:Creating package script '/home/brl/ros2_ws/install/camera_recorder_ros/share/camera_recorder_ros/package.bash'
[4.055s] INFO:colcon.colcon_core.shell:Creating package script '/home/brl/ros2_ws/install/camera_recorder_ros/share/camera_recorder_ros/package.zsh'
[4.057s] Level 1:colcon.colcon_core.environment:create_file_with_runtime_dependencies(/home/brl/ros2_ws/install/camera_recorder_ros/share/colcon-core/packages/camera_recorder_ros)
[4.068s] DEBUG:colcon.colcon_parallel_executor.executor.parallel:closing loop
[4.069s] DEBUG:colcon.colcon_parallel_executor.executor.parallel:loop closed
[4.069s] DEBUG:colcon.colcon_parallel_executor.executor.parallel:run_until_complete finished with '1'
[4.069s] DEBUG:colcon.colcon_core.event_reactor:joining thread
[4.083s] INFO:colcon.colcon_core.plugin_system:Skipping extension 'colcon_notification.desktop_notification.terminal_notifier': Not used on non-Darwin systems
[4.083s] INFO:colcon.colcon_core.plugin_system:Skipping extension 'colcon_notification.desktop_notification.win32': Not used on non-Windows systems
[4.083s] INFO:colcon.colcon_notification.desktop_notification:Sending desktop notification using 'notify2'
[4.108s] DEBUG:colcon.colcon_core.event_reactor:joined thread
[4.109s] INFO:colcon.colcon_core.shell:Creating prefix script '/home/brl/ros2_ws/install/local_setup.ps1'
[4.111s] INFO:colcon.colcon_core.shell:Creating prefix util module '/home/brl/ros2_ws/install/_local_setup_util_ps1.py'
[4.114s] INFO:colcon.colcon_core.shell:Creating prefix chain script '/home/brl/ros2_ws/install/setup.ps1'
[4.117s] INFO:colcon.colcon_core.shell:Creating prefix script '/home/brl/ros2_ws/install/local_setup.sh'
[4.118s] INFO:colcon.colcon_core.shell:Creating prefix util module '/home/brl/ros2_ws/install/_local_setup_util_sh.py'
[4.119s] INFO:colcon.colcon_core.shell:Creating prefix chain script '/home/brl/ros2_ws/install/setup.sh'
[4.122s] INFO:colcon.colcon_core.shell:Creating prefix script '/home/brl/ros2_ws/install/local_setup.bash'
[4.123s] INFO:colcon.colcon_core.shell:Creating prefix chain script '/home/brl/ros2_ws/install/setup.bash'
[4.126s] INFO:colcon.colcon_core.shell:Creating prefix script '/home/brl/ros2_ws/install/local_setup.zsh'
[4.127s] INFO:colcon.colcon_core.shell:Creating prefix chain script '/home/brl/ros2_ws/install/setup.zsh'
