[1.309s] Invoking command in '/home/brl/ros2_ws/src/camera_recorder_ros': PS1=(torch) \[\e]0;\u@\h: \w\a\]${debian_chroot:+($debian_chroot)}\[\033[01;32m\]\u@\h\[\033[00m\]:\[\033[01;34m\]\w\[\033[00m\]\$ PYTHONPATH=/home/brl/ros2_ws/build/camera_recorder_ros/prefix_override:/usr/lib/python3/dist-packages/colcon_core/task/python/colcon_distutils_commands:/home/brl/ros2_ws/install/camera_recorder_ros/lib/python3.10/site-packages:${PYTHONPATH} VIRTUAL_ENV_PROMPT=(torch) /usr/bin/python3 -W ignore:setup.py install is deprecated setup.py egg_info --egg-base ../../build/camera_recorder_ros build --build-base /home/brl/ros2_ws/build/camera_recorder_ros/build install --record /home/brl/ros2_ws/build/camera_recorder_ros/install.log --single-version-externally-managed install_data
[1.720s] running egg_info
[1.721s] creating ../../build/camera_recorder_ros/camera_recorder_ros.egg-info
[1.746s] writing ../../build/camera_recorder_ros/camera_recorder_ros.egg-info/PKG-INFO
[1.746s] writing dependency_links to ../../build/camera_recorder_ros/camera_recorder_ros.egg-info/dependency_links.txt
[1.747s] writing entry points to ../../build/camera_recorder_ros/camera_recorder_ros.egg-info/entry_points.txt
[1.747s] writing requirements to ../../build/camera_recorder_ros/camera_recorder_ros.egg-info/requires.txt
[1.747s] writing top-level names to ../../build/camera_recorder_ros/camera_recorder_ros.egg-info/top_level.txt
[1.748s] writing manifest file '../../build/camera_recorder_ros/camera_recorder_ros.egg-info/SOURCES.txt'
[1.798s] reading manifest file '../../build/camera_recorder_ros/camera_recorder_ros.egg-info/SOURCES.txt'
[1.800s] writing manifest file '../../build/camera_recorder_ros/camera_recorder_ros.egg-info/SOURCES.txt'
[1.800s] running build
[1.800s] running build_py
[1.801s] creating /home/brl/ros2_ws/build/camera_recorder_ros/build
[1.801s] creating /home/brl/ros2_ws/build/camera_recorder_ros/build/lib
[1.801s] creating /home/brl/ros2_ws/build/camera_recorder_ros/build/lib/camera_recorder_ros
[1.801s] copying camera_recorder_ros/camera_recorder_node.py -> /home/brl/ros2_ws/build/camera_recorder_ros/build/lib/camera_recorder_ros
[1.802s] copying camera_recorder_ros/camera_recorder.py -> /home/brl/ros2_ws/build/camera_recorder_ros/build/lib/camera_recorder_ros
[1.802s] copying camera_recorder_ros/__init__.py -> /home/brl/ros2_ws/build/camera_recorder_ros/build/lib/camera_recorder_ros
[1.802s] running install
[1.810s] running install_lib
[1.836s] creating /home/brl/ros2_ws/install/camera_recorder_ros/lib/python3.10/site-packages/camera_recorder_ros
[1.836s] copying /home/brl/ros2_ws/build/camera_recorder_ros/build/lib/camera_recorder_ros/camera_recorder_node.py -> /home/brl/ros2_ws/install/camera_recorder_ros/lib/python3.10/site-packages/camera_recorder_ros
[1.836s] copying /home/brl/ros2_ws/build/camera_recorder_ros/build/lib/camera_recorder_ros/camera_recorder.py -> /home/brl/ros2_ws/install/camera_recorder_ros/lib/python3.10/site-packages/camera_recorder_ros
[1.837s] copying /home/brl/ros2_ws/build/camera_recorder_ros/build/lib/camera_recorder_ros/__init__.py -> /home/brl/ros2_ws/install/camera_recorder_ros/lib/python3.10/site-packages/camera_recorder_ros
[1.837s] byte-compiling /home/brl/ros2_ws/install/camera_recorder_ros/lib/python3.10/site-packages/camera_recorder_ros/camera_recorder_node.py to camera_recorder_node.cpython-310.pyc
[1.840s] byte-compiling /home/brl/ros2_ws/install/camera_recorder_ros/lib/python3.10/site-packages/camera_recorder_ros/camera_recorder.py to camera_recorder.cpython-310.pyc
[1.846s] byte-compiling /home/brl/ros2_ws/install/camera_recorder_ros/lib/python3.10/site-packages/camera_recorder_ros/__init__.py to __init__.cpython-310.pyc
[1.846s] running install_data
[1.846s] creating /home/brl/ros2_ws/install/camera_recorder_ros/share/ament_index
[1.847s] creating /home/brl/ros2_ws/install/camera_recorder_ros/share/ament_index/resource_index
[1.847s] creating /home/brl/ros2_ws/install/camera_recorder_ros/share/ament_index/resource_index/packages
[1.847s] copying resource/camera_recorder_ros -> /home/brl/ros2_ws/install/camera_recorder_ros/share/ament_index/resource_index/packages
[1.847s] copying package.xml -> /home/brl/ros2_ws/install/camera_recorder_ros/share/camera_recorder_ros
[1.848s] creating /home/brl/ros2_ws/install/camera_recorder_ros/share/camera_recorder_ros/launch
[1.848s] copying launch/camera_recorder.launch.py -> /home/brl/ros2_ws/install/camera_recorder_ros/share/camera_recorder_ros/launch
[1.848s] running install_egg_info
[1.875s] Copying ../../build/camera_recorder_ros/camera_recorder_ros.egg-info to /home/brl/ros2_ws/install/camera_recorder_ros/lib/python3.10/site-packages/camera_recorder_ros-0.1.0-py3.10.egg-info
[1.877s] running install_scripts
[2.109s] Installing camera_recorder_node script to /home/brl/ros2_ws/install/camera_recorder_ros/lib/camera_recorder_ros
[2.109s] writing list of installed files to '/home/brl/ros2_ws/build/camera_recorder_ros/install.log'
[2.180s] Invoked command in '/home/brl/ros2_ws/src/camera_recorder_ros' returned '0': PS1=(torch) \[\e]0;\u@\h: \w\a\]${debian_chroot:+($debian_chroot)}\[\033[01;32m\]\u@\h\[\033[00m\]:\[\033[01;34m\]\w\[\033[00m\]\$ PYTHONPATH=/home/brl/ros2_ws/build/camera_recorder_ros/prefix_override:/usr/lib/python3/dist-packages/colcon_core/task/python/colcon_distutils_commands:/home/brl/ros2_ws/install/camera_recorder_ros/lib/python3.10/site-packages:${PYTHONPATH} VIRTUAL_ENV_PROMPT=(torch) /usr/bin/python3 -W ignore:setup.py install is deprecated setup.py egg_info --egg-base ../../build/camera_recorder_ros build --build-base /home/brl/ros2_ws/build/camera_recorder_ros/build install --record /home/brl/ros2_ws/build/camera_recorder_ros/install.log --single-version-externally-managed install_data
