[1.262s] Invoking command in '/home/brl/ros2_ws/src/camera_recorder': PYTHONPATH=/home/brl/ros2_ws/build/camera_recorder/prefix_override:/usr/lib/python3/dist-packages/colcon_core/task/python/colcon_distutils_commands:/home/brl/ros2_ws/install/camera_recorder/lib/python3.10/site-packages:${PYTHONPATH} VIRTUAL_ENV_PROMPT=(torch) /usr/bin/python3 -W ignore:setup.py install is deprecated setup.py egg_info --egg-base ../../build/camera_recorder build --build-base /home/brl/ros2_ws/build/camera_recorder/build install --record /home/brl/ros2_ws/build/camera_recorder/install.log --single-version-externally-managed install_data
[1.672s] running egg_info
[1.673s] creating ../../build/camera_recorder/camera_recorder.egg-info
[1.698s] writing ../../build/camera_recorder/camera_recorder.egg-info/PKG-INFO
[1.699s] writing dependency_links to ../../build/camera_recorder/camera_recorder.egg-info/dependency_links.txt
[1.699s] writing entry points to ../../build/camera_recorder/camera_recorder.egg-info/entry_points.txt
[1.700s] writing requirements to ../../build/camera_recorder/camera_recorder.egg-info/requires.txt
[1.700s] writing top-level names to ../../build/camera_recorder/camera_recorder.egg-info/top_level.txt
[1.700s] writing manifest file '../../build/camera_recorder/camera_recorder.egg-info/SOURCES.txt'
[1.753s] reading manifest file '../../build/camera_recorder/camera_recorder.egg-info/SOURCES.txt'
[1.754s] writing manifest file '../../build/camera_recorder/camera_recorder.egg-info/SOURCES.txt'
[1.755s] running build
[1.755s] running build_py
[1.755s] creating /home/brl/ros2_ws/build/camera_recorder/build
[1.755s] creating /home/brl/ros2_ws/build/camera_recorder/build/lib
[1.755s] creating /home/brl/ros2_ws/build/camera_recorder/build/lib/camera_recorder
[1.755s] copying camera_recorder/camera_recorder_node.py -> /home/brl/ros2_ws/build/camera_recorder/build/lib/camera_recorder
[1.756s] copying camera_recorder/camera_recorder.py -> /home/brl/ros2_ws/build/camera_recorder/build/lib/camera_recorder
[1.756s] copying camera_recorder/__init__.py -> /home/brl/ros2_ws/build/camera_recorder/build/lib/camera_recorder
[1.756s] running install
[1.765s] running install_lib
[1.791s] creating /home/brl/ros2_ws/install/camera_recorder/lib/python3.10/site-packages/camera_recorder
[1.792s] copying /home/brl/ros2_ws/build/camera_recorder/build/lib/camera_recorder/camera_recorder_node.py -> /home/brl/ros2_ws/install/camera_recorder/lib/python3.10/site-packages/camera_recorder
[1.792s] copying /home/brl/ros2_ws/build/camera_recorder/build/lib/camera_recorder/camera_recorder.py -> /home/brl/ros2_ws/install/camera_recorder/lib/python3.10/site-packages/camera_recorder
[1.792s] copying /home/brl/ros2_ws/build/camera_recorder/build/lib/camera_recorder/__init__.py -> /home/brl/ros2_ws/install/camera_recorder/lib/python3.10/site-packages/camera_recorder
[1.793s] byte-compiling /home/brl/ros2_ws/install/camera_recorder/lib/python3.10/site-packages/camera_recorder/camera_recorder_node.py to camera_recorder_node.cpython-310.pyc
[1.797s] byte-compiling /home/brl/ros2_ws/install/camera_recorder/lib/python3.10/site-packages/camera_recorder/camera_recorder.py to camera_recorder.cpython-310.pyc
[1.801s] byte-compiling /home/brl/ros2_ws/install/camera_recorder/lib/python3.10/site-packages/camera_recorder/__init__.py to __init__.cpython-310.pyc
[1.802s] running install_data
[1.802s] creating /home/brl/ros2_ws/install/camera_recorder/share/ament_index
[1.802s] creating /home/brl/ros2_ws/install/camera_recorder/share/ament_index/resource_index
[1.802s] creating /home/brl/ros2_ws/install/camera_recorder/share/ament_index/resource_index/packages
[1.802s] copying resource/camera_recorder -> /home/brl/ros2_ws/install/camera_recorder/share/ament_index/resource_index/packages
[1.803s] copying package.xml -> /home/brl/ros2_ws/install/camera_recorder/share/camera_recorder
[1.803s] creating /home/brl/ros2_ws/install/camera_recorder/share/camera_recorder/launch
[1.803s] copying launch/camera_recorder.launch.py -> /home/brl/ros2_ws/install/camera_recorder/share/camera_recorder/launch
[1.803s] running install_egg_info
[1.831s] Copying ../../build/camera_recorder/camera_recorder.egg-info to /home/brl/ros2_ws/install/camera_recorder/lib/python3.10/site-packages/camera_recorder-0.1.0-py3.10.egg-info
[1.833s] running install_scripts
[2.064s] Installing camera_recorder_node script to /home/brl/ros2_ws/install/camera_recorder/bin
[2.064s] writing list of installed files to '/home/brl/ros2_ws/build/camera_recorder/install.log'
[2.137s] Invoked command in '/home/brl/ros2_ws/src/camera_recorder' returned '0': PYTHONPATH=/home/brl/ros2_ws/build/camera_recorder/prefix_override:/usr/lib/python3/dist-packages/colcon_core/task/python/colcon_distutils_commands:/home/brl/ros2_ws/install/camera_recorder/lib/python3.10/site-packages:${PYTHONPATH} VIRTUAL_ENV_PROMPT=(torch) /usr/bin/python3 -W ignore:setup.py install is deprecated setup.py egg_info --egg-base ../../build/camera_recorder build --build-base /home/brl/ros2_ws/build/camera_recorder/build install --record /home/brl/ros2_ws/build/camera_recorder/install.log --single-version-externally-managed install_data
