[1.319s] Invoking command in '/home/brl/ros2_ws/src/camera_recorder_ros': PS1=(torch) \[\e]0;\u@\h: \w\a\]${debian_chroot:+($debian_chroot)}\[\033[01;32m\]\u@\h\[\033[00m\]:\[\033[01;34m\]\w\[\033[00m\]\$ PYTHONPATH=/home/brl/ros2_ws/build/camera_recorder_ros/prefix_override:/usr/lib/python3/dist-packages/colcon_core/task/python/colcon_distutils_commands:/home/brl/ros2_ws/install/camera_recorder_ros/lib/python3.10/site-packages:${PYTHONPATH} VIRTUAL_ENV_PROMPT=(torch) /usr/bin/python3 -W ignore:setup.py install is deprecated setup.py egg_info --egg-base ../../build/camera_recorder_ros build --build-base /home/brl/ros2_ws/build/camera_recorder_ros/build install --record /home/brl/ros2_ws/build/camera_recorder_ros/install.log --single-version-externally-managed install_data
[1.740s] running egg_info
[1.768s] writing ../../build/camera_recorder_ros/camera_recorder_ros.egg-info/PKG-INFO
[1.769s] writing dependency_links to ../../build/camera_recorder_ros/camera_recorder_ros.egg-info/dependency_links.txt
[1.769s] writing entry points to ../../build/camera_recorder_ros/camera_recorder_ros.egg-info/entry_points.txt
[1.769s] writing requirements to ../../build/camera_recorder_ros/camera_recorder_ros.egg-info/requires.txt
[1.770s] writing top-level names to ../../build/camera_recorder_ros/camera_recorder_ros.egg-info/top_level.txt
[1.822s] reading manifest file '../../build/camera_recorder_ros/camera_recorder_ros.egg-info/SOURCES.txt'
[1.824s] writing manifest file '../../build/camera_recorder_ros/camera_recorder_ros.egg-info/SOURCES.txt'
[1.824s] running build
[1.824s] running build_py
[1.824s] copying camera_recorder_ros/camera_recorder_node.py -> /home/brl/ros2_ws/build/camera_recorder_ros/build/lib/camera_recorder_ros
[1.825s] copying camera_recorder_ros/camera_recorder.py -> /home/brl/ros2_ws/build/camera_recorder_ros/build/lib/camera_recorder_ros
[1.825s] copying camera_recorder_ros/__init__.py -> /home/brl/ros2_ws/build/camera_recorder_ros/build/lib/camera_recorder_ros
[1.826s] running install
[1.835s] running install_lib
[1.866s] running install_data
[1.866s] copying resource/camera_recorder_ros -> /home/brl/ros2_ws/install/camera_recorder_ros/share/ament_index/resource_index/packages
[1.866s] copying package.xml -> /home/brl/ros2_ws/install/camera_recorder_ros/share/camera_recorder_ros
[1.866s] copying launch/camera_recorder.launch.py -> /home/brl/ros2_ws/install/camera_recorder_ros/share/camera_recorder_ros/launch
[1.867s] running install_egg_info
[1.896s] removing '/home/brl/ros2_ws/install/camera_recorder_ros/lib/python3.10/site-packages/camera_recorder_ros-0.1.0-py3.10.egg-info' (and everything under it)
[1.896s] Copying ../../build/camera_recorder_ros/camera_recorder_ros.egg-info to /home/brl/ros2_ws/install/camera_recorder_ros/lib/python3.10/site-packages/camera_recorder_ros-0.1.0-py3.10.egg-info
[1.898s] running install_scripts
[2.161s] Installing camera_recorder_node script to /home/brl/ros2_ws/install/camera_recorder_ros/lib/camera_recorder_ros
[2.162s] writing list of installed files to '/home/brl/ros2_ws/build/camera_recorder_ros/install.log'
[2.234s] Invoked command in '/home/brl/ros2_ws/src/camera_recorder_ros' returned '0': PS1=(torch) \[\e]0;\u@\h: \w\a\]${debian_chroot:+($debian_chroot)}\[\033[01;32m\]\u@\h\[\033[00m\]:\[\033[01;34m\]\w\[\033[00m\]\$ PYTHONPATH=/home/brl/ros2_ws/build/camera_recorder_ros/prefix_override:/usr/lib/python3/dist-packages/colcon_core/task/python/colcon_distutils_commands:/home/brl/ros2_ws/install/camera_recorder_ros/lib/python3.10/site-packages:${PYTHONPATH} VIRTUAL_ENV_PROMPT=(torch) /usr/bin/python3 -W ignore:setup.py install is deprecated setup.py egg_info --egg-base ../../build/camera_recorder_ros build --build-base /home/brl/ros2_ws/build/camera_recorder_ros/build install --record /home/brl/ros2_ws/build/camera_recorder_ros/install.log --single-version-externally-managed install_data
