[0.201s] DEBUG:colcon:Command line arguments: ['/usr/bin/colcon', 'build', '--packages-select', 'camera_recorder_ros']
[0.201s] DEBUG:colcon:Parsed command line arguments: Namespace(log_base=None, log_level=None, verb_name='build', build_base='build', install_base='install', merge_install=False, symlink_install=False, test_result_base=None, continue_on_error=False, executor='parallel', parallel_workers=8, event_handlers=None, ignore_user_meta=False, metas=['./colcon.meta'], base_paths=['.'], packages_ignore=None, packages_ignore_regex=None, paths=None, packages_up_to=None, packages_up_to_regex=None, packages_above=None, packages_above_and_dependencies=None, packages_above_depth=None, packages_select_by_dep=None, packages_skip_by_dep=None, packages_skip_up_to=None, packages_select_build_failed=False, packages_skip_build_finished=False, packages_select_test_failures=False, packages_skip_test_passed=False, packages_select=['camera_recorder_ros'], packages_skip=None, packages_select_regex=None, packages_skip_regex=None, packages_start=None, packages_end=None, allow_overriding=[], cmake_args=None, cmake_target=None, cmake_target_skip_unavailable=False, cmake_clean_cache=False, cmake_clean_first=False, cmake_force_configure=False, ament_cmake_args=None, catkin_cmake_args=None, catkin_skip_building_tests=False, mixin_files=None, mixin=None, verb_parser=<colcon_mixin.mixin.mixin_argument.MixinArgumentDecorator object at 0xffff89f5a980>, verb_extension=<colcon_core.verb.build.BuildVerb object at 0xffff89f5a3e0>, main=<bound method BuildVerb.main of <colcon_core.verb.build.BuildVerb object at 0xffff89f5a3e0>>, mixin_verb=('build',))
[0.269s] Level 1:colcon.colcon_core.package_discovery:discover_packages(colcon_meta) check parameters
[0.269s] Level 1:colcon.colcon_core.package_discovery:discover_packages(recursive) check parameters
[0.269s] Level 1:colcon.colcon_core.package_discovery:discover_packages(ignore) check parameters
[0.269s] Level 1:colcon.colcon_core.package_discovery:discover_packages(path) check parameters
[0.269s] Level 1:colcon.colcon_core.package_discovery:discover_packages(colcon_meta) discover
[0.270s] Level 1:colcon.colcon_core.package_discovery:discover_packages(recursive) discover
[0.270s] INFO:colcon.colcon_core.package_discovery:Crawling recursively for packages in '/home/brl/ros2_ws'
[0.270s] Level 1:colcon.colcon_core.package_identification:_identify(.) by extensions ['ignore', 'ignore_ament_install']
[0.270s] Level 1:colcon.colcon_core.package_identification:_identify(.) by extension 'ignore'
[0.270s] Level 1:colcon.colcon_core.package_identification:_identify(.) by extension 'ignore_ament_install'
[0.270s] Level 1:colcon.colcon_core.package_identification:_identify(.) by extensions ['colcon_pkg']
[0.271s] Level 1:colcon.colcon_core.package_identification:_identify(.) by extension 'colcon_pkg'
[0.271s] Level 1:colcon.colcon_core.package_identification:_identify(.) by extensions ['colcon_meta']
[0.271s] Level 1:colcon.colcon_core.package_identification:_identify(.) by extension 'colcon_meta'
[0.271s] Level 1:colcon.colcon_core.package_identification:_identify(.) by extensions ['ros']
[0.271s] Level 1:colcon.colcon_core.package_identification:_identify(.) by extension 'ros'
[0.297s] Level 1:colcon.colcon_core.package_identification:_identify(.) by extensions ['cmake', 'python']
[0.297s] Level 1:colcon.colcon_core.package_identification:_identify(.) by extension 'cmake'
[0.297s] Level 1:colcon.colcon_core.package_identification:_identify(.) by extension 'python'
[0.297s] Level 1:colcon.colcon_core.package_identification:_identify(.) by extensions ['python_setup_py']
[0.297s] Level 1:colcon.colcon_core.package_identification:_identify(.) by extension 'python_setup_py'
[0.298s] Level 1:colcon.colcon_core.package_identification:_identify(build) by extensions ['ignore', 'ignore_ament_install']
[0.298s] Level 1:colcon.colcon_core.package_identification:_identify(build) by extension 'ignore'
[0.298s] Level 1:colcon.colcon_core.package_identification:_identify(build) ignored
[0.298s] Level 1:colcon.colcon_core.package_identification:_identify(install) by extensions ['ignore', 'ignore_ament_install']
[0.298s] Level 1:colcon.colcon_core.package_identification:_identify(install) by extension 'ignore'
[0.299s] Level 1:colcon.colcon_core.package_identification:_identify(install) ignored
[0.299s] Level 1:colcon.colcon_core.package_identification:_identify(log) by extensions ['ignore', 'ignore_ament_install']
[0.299s] Level 1:colcon.colcon_core.package_identification:_identify(log) by extension 'ignore'
[0.299s] Level 1:colcon.colcon_core.package_identification:_identify(log) ignored
[0.299s] Level 1:colcon.colcon_core.package_identification:_identify(src) by extensions ['ignore', 'ignore_ament_install']
[0.299s] Level 1:colcon.colcon_core.package_identification:_identify(src) by extension 'ignore'
[0.299s] Level 1:colcon.colcon_core.package_identification:_identify(src) by extension 'ignore_ament_install'
[0.300s] Level 1:colcon.colcon_core.package_identification:_identify(src) by extensions ['colcon_pkg']
[0.300s] Level 1:colcon.colcon_core.package_identification:_identify(src) by extension 'colcon_pkg'
[0.300s] Level 1:colcon.colcon_core.package_identification:_identify(src) by extensions ['colcon_meta']
[0.300s] Level 1:colcon.colcon_core.package_identification:_identify(src) by extension 'colcon_meta'
[0.300s] Level 1:colcon.colcon_core.package_identification:_identify(src) by extensions ['ros']
[0.300s] Level 1:colcon.colcon_core.package_identification:_identify(src) by extension 'ros'
[0.300s] Level 1:colcon.colcon_core.package_identification:_identify(src) by extensions ['cmake', 'python']
[0.300s] Level 1:colcon.colcon_core.package_identification:_identify(src) by extension 'cmake'
[0.300s] Level 1:colcon.colcon_core.package_identification:_identify(src) by extension 'python'
[0.300s] Level 1:colcon.colcon_core.package_identification:_identify(src) by extensions ['python_setup_py']
[0.301s] Level 1:colcon.colcon_core.package_identification:_identify(src) by extension 'python_setup_py'
[0.301s] Level 1:colcon.colcon_core.package_identification:_identify(src/camera_recorder_ros) by extensions ['ignore', 'ignore_ament_install']
[0.301s] Level 1:colcon.colcon_core.package_identification:_identify(src/camera_recorder_ros) by extension 'ignore'
[0.301s] Level 1:colcon.colcon_core.package_identification:_identify(src/camera_recorder_ros) by extension 'ignore_ament_install'
[0.301s] Level 1:colcon.colcon_core.package_identification:_identify(src/camera_recorder_ros) by extensions ['colcon_pkg']
[0.301s] Level 1:colcon.colcon_core.package_identification:_identify(src/camera_recorder_ros) by extension 'colcon_pkg'
[0.301s] Level 1:colcon.colcon_core.package_identification:_identify(src/camera_recorder_ros) by extensions ['colcon_meta']
[0.301s] Level 1:colcon.colcon_core.package_identification:_identify(src/camera_recorder_ros) by extension 'colcon_meta'
[0.301s] Level 1:colcon.colcon_core.package_identification:_identify(src/camera_recorder_ros) by extensions ['ros']
[0.301s] Level 1:colcon.colcon_core.package_identification:_identify(src/camera_recorder_ros) by extension 'ros'
[0.306s] DEBUG:colcon.colcon_core.package_identification:Package 'src/camera_recorder_ros' with type 'ros.ament_cmake' and name 'camera_recorder_ros'
[0.306s] Level 1:colcon.colcon_core.package_identification:_identify(temp) by extensions ['ignore', 'ignore_ament_install']
[0.306s] Level 1:colcon.colcon_core.package_identification:_identify(temp) by extension 'ignore'
[0.306s] Level 1:colcon.colcon_core.package_identification:_identify(temp) by extension 'ignore_ament_install'
[0.307s] Level 1:colcon.colcon_core.package_identification:_identify(temp) by extensions ['colcon_pkg']
[0.307s] Level 1:colcon.colcon_core.package_identification:_identify(temp) by extension 'colcon_pkg'
[0.307s] Level 1:colcon.colcon_core.package_identification:_identify(temp) by extensions ['colcon_meta']
[0.307s] Level 1:colcon.colcon_core.package_identification:_identify(temp) by extension 'colcon_meta'
[0.307s] Level 1:colcon.colcon_core.package_identification:_identify(temp) by extensions ['ros']
[0.307s] Level 1:colcon.colcon_core.package_identification:_identify(temp) by extension 'ros'
[0.307s] Level 1:colcon.colcon_core.package_identification:_identify(temp) by extensions ['cmake', 'python']
[0.307s] Level 1:colcon.colcon_core.package_identification:_identify(temp) by extension 'cmake'
[0.307s] Level 1:colcon.colcon_core.package_identification:_identify(temp) by extension 'python'
[0.307s] Level 1:colcon.colcon_core.package_identification:_identify(temp) by extensions ['python_setup_py']
[0.307s] Level 1:colcon.colcon_core.package_identification:_identify(temp) by extension 'python_setup_py'
[0.308s] Level 1:colcon.colcon_core.package_identification:_identify(temp/run_20250407_084242) by extensions ['ignore', 'ignore_ament_install']
[0.308s] Level 1:colcon.colcon_core.package_identification:_identify(temp/run_20250407_084242) by extension 'ignore'
[0.308s] Level 1:colcon.colcon_core.package_identification:_identify(temp/run_20250407_084242) by extension 'ignore_ament_install'
[0.308s] Level 1:colcon.colcon_core.package_identification:_identify(temp/run_20250407_084242) by extensions ['colcon_pkg']
[0.308s] Level 1:colcon.colcon_core.package_identification:_identify(temp/run_20250407_084242) by extension 'colcon_pkg'
[0.308s] Level 1:colcon.colcon_core.package_identification:_identify(temp/run_20250407_084242) by extensions ['colcon_meta']
[0.308s] Level 1:colcon.colcon_core.package_identification:_identify(temp/run_20250407_084242) by extension 'colcon_meta'
[0.308s] Level 1:colcon.colcon_core.package_identification:_identify(temp/run_20250407_084242) by extensions ['ros']
[0.308s] Level 1:colcon.colcon_core.package_identification:_identify(temp/run_20250407_084242) by extension 'ros'
[0.308s] Level 1:colcon.colcon_core.package_identification:_identify(temp/run_20250407_084242) by extensions ['cmake', 'python']
[0.308s] Level 1:colcon.colcon_core.package_identification:_identify(temp/run_20250407_084242) by extension 'cmake'
[0.309s] Level 1:colcon.colcon_core.package_identification:_identify(temp/run_20250407_084242) by extension 'python'
[0.309s] Level 1:colcon.colcon_core.package_identification:_identify(temp/run_20250407_084242) by extensions ['python_setup_py']
[0.309s] Level 1:colcon.colcon_core.package_identification:_identify(temp/run_20250407_084242) by extension 'python_setup_py'
[0.309s] Level 1:colcon.colcon_core.package_identification:_identify(temp/run_20250407_093510) by extensions ['ignore', 'ignore_ament_install']
[0.309s] Level 1:colcon.colcon_core.package_identification:_identify(temp/run_20250407_093510) by extension 'ignore'
[0.309s] Level 1:colcon.colcon_core.package_identification:_identify(temp/run_20250407_093510) by extension 'ignore_ament_install'
[0.309s] Level 1:colcon.colcon_core.package_identification:_identify(temp/run_20250407_093510) by extensions ['colcon_pkg']
[0.309s] Level 1:colcon.colcon_core.package_identification:_identify(temp/run_20250407_093510) by extension 'colcon_pkg'
[0.309s] Level 1:colcon.colcon_core.package_identification:_identify(temp/run_20250407_093510) by extensions ['colcon_meta']
[0.309s] Level 1:colcon.colcon_core.package_identification:_identify(temp/run_20250407_093510) by extension 'colcon_meta'
[0.309s] Level 1:colcon.colcon_core.package_identification:_identify(temp/run_20250407_093510) by extensions ['ros']
[0.309s] Level 1:colcon.colcon_core.package_identification:_identify(temp/run_20250407_093510) by extension 'ros'
[0.310s] Level 1:colcon.colcon_core.package_identification:_identify(temp/run_20250407_093510) by extensions ['cmake', 'python']
[0.310s] Level 1:colcon.colcon_core.package_identification:_identify(temp/run_20250407_093510) by extension 'cmake'
[0.310s] Level 1:colcon.colcon_core.package_identification:_identify(temp/run_20250407_093510) by extension 'python'
[0.310s] Level 1:colcon.colcon_core.package_identification:_identify(temp/run_20250407_093510) by extensions ['python_setup_py']
[0.310s] Level 1:colcon.colcon_core.package_identification:_identify(temp/run_20250407_093510) by extension 'python_setup_py'
[0.310s] Level 1:colcon.colcon_core.package_identification:_identify(temp/run_20250407_093529) by extensions ['ignore', 'ignore_ament_install']
[0.310s] Level 1:colcon.colcon_core.package_identification:_identify(temp/run_20250407_093529) by extension 'ignore'
[0.310s] Level 1:colcon.colcon_core.package_identification:_identify(temp/run_20250407_093529) by extension 'ignore_ament_install'
[0.310s] Level 1:colcon.colcon_core.package_identification:_identify(temp/run_20250407_093529) by extensions ['colcon_pkg']
[0.310s] Level 1:colcon.colcon_core.package_identification:_identify(temp/run_20250407_093529) by extension 'colcon_pkg'
[0.311s] Level 1:colcon.colcon_core.package_identification:_identify(temp/run_20250407_093529) by extensions ['colcon_meta']
[0.311s] Level 1:colcon.colcon_core.package_identification:_identify(temp/run_20250407_093529) by extension 'colcon_meta'
[0.311s] Level 1:colcon.colcon_core.package_identification:_identify(temp/run_20250407_093529) by extensions ['ros']
[0.311s] Level 1:colcon.colcon_core.package_identification:_identify(temp/run_20250407_093529) by extension 'ros'
[0.311s] Level 1:colcon.colcon_core.package_identification:_identify(temp/run_20250407_093529) by extensions ['cmake', 'python']
[0.311s] Level 1:colcon.colcon_core.package_identification:_identify(temp/run_20250407_093529) by extension 'cmake'
[0.311s] Level 1:colcon.colcon_core.package_identification:_identify(temp/run_20250407_093529) by extension 'python'
[0.311s] Level 1:colcon.colcon_core.package_identification:_identify(temp/run_20250407_093529) by extensions ['python_setup_py']
[0.311s] Level 1:colcon.colcon_core.package_identification:_identify(temp/run_20250407_093529) by extension 'python_setup_py'
[0.311s] Level 1:colcon.colcon_core.package_identification:_identify(temp/run_20250408_063120) by extensions ['ignore', 'ignore_ament_install']
[0.311s] Level 1:colcon.colcon_core.package_identification:_identify(temp/run_20250408_063120) by extension 'ignore'
[0.312s] Level 1:colcon.colcon_core.package_identification:_identify(temp/run_20250408_063120) by extension 'ignore_ament_install'
[0.312s] Level 1:colcon.colcon_core.package_identification:_identify(temp/run_20250408_063120) by extensions ['colcon_pkg']
[0.312s] Level 1:colcon.colcon_core.package_identification:_identify(temp/run_20250408_063120) by extension 'colcon_pkg'
[0.312s] Level 1:colcon.colcon_core.package_identification:_identify(temp/run_20250408_063120) by extensions ['colcon_meta']
[0.312s] Level 1:colcon.colcon_core.package_identification:_identify(temp/run_20250408_063120) by extension 'colcon_meta'
[0.312s] Level 1:colcon.colcon_core.package_identification:_identify(temp/run_20250408_063120) by extensions ['ros']
[0.312s] Level 1:colcon.colcon_core.package_identification:_identify(temp/run_20250408_063120) by extension 'ros'
[0.312s] Level 1:colcon.colcon_core.package_identification:_identify(temp/run_20250408_063120) by extensions ['cmake', 'python']
[0.312s] Level 1:colcon.colcon_core.package_identification:_identify(temp/run_20250408_063120) by extension 'cmake'
[0.312s] Level 1:colcon.colcon_core.package_identification:_identify(temp/run_20250408_063120) by extension 'python'
[0.312s] Level 1:colcon.colcon_core.package_identification:_identify(temp/run_20250408_063120) by extensions ['python_setup_py']
[0.312s] Level 1:colcon.colcon_core.package_identification:_identify(temp/run_20250408_063120) by extension 'python_setup_py'
[0.312s] Level 1:colcon.colcon_core.package_discovery:discover_packages(recursive) using defaults
[0.313s] Level 1:colcon.colcon_core.package_discovery:discover_packages(ignore) discover
[0.313s] Level 1:colcon.colcon_core.package_discovery:discover_packages(ignore) using defaults
[0.313s] Level 1:colcon.colcon_core.package_discovery:discover_packages(path) discover
[0.313s] Level 1:colcon.colcon_core.package_discovery:discover_packages(path) using defaults
[0.350s] Level 1:colcon.colcon_core.package_discovery:discover_packages(prefix_path) check parameters
[0.350s] Level 1:colcon.colcon_core.package_discovery:discover_packages(prefix_path) discover
[0.353s] DEBUG:colcon.colcon_installed_package_information.package_discovery:Found 2 installed packages in /home/brl/ros2_ws/install
[0.355s] DEBUG:colcon.colcon_installed_package_information.package_discovery:Found 277 installed packages in /opt/ros/humble
[0.357s] Level 1:colcon.colcon_core.package_discovery:discover_packages(prefix_path) using defaults
[0.419s] Level 5:colcon.colcon_core.verb:set package 'camera_recorder_ros' build argument 'cmake_args' from command line to 'None'
[0.419s] Level 5:colcon.colcon_core.verb:set package 'camera_recorder_ros' build argument 'cmake_target' from command line to 'None'
[0.419s] Level 5:colcon.colcon_core.verb:set package 'camera_recorder_ros' build argument 'cmake_target_skip_unavailable' from command line to 'False'
[0.419s] Level 5:colcon.colcon_core.verb:set package 'camera_recorder_ros' build argument 'cmake_clean_cache' from command line to 'False'
[0.419s] Level 5:colcon.colcon_core.verb:set package 'camera_recorder_ros' build argument 'cmake_clean_first' from command line to 'False'
[0.419s] Level 5:colcon.colcon_core.verb:set package 'camera_recorder_ros' build argument 'cmake_force_configure' from command line to 'False'
[0.419s] Level 5:colcon.colcon_core.verb:set package 'camera_recorder_ros' build argument 'ament_cmake_args' from command line to 'None'
[0.419s] Level 5:colcon.colcon_core.verb:set package 'camera_recorder_ros' build argument 'catkin_cmake_args' from command line to 'None'
[0.419s] Level 5:colcon.colcon_core.verb:set package 'camera_recorder_ros' build argument 'catkin_skip_building_tests' from command line to 'False'
[0.419s] DEBUG:colcon.colcon_core.verb:Building package 'camera_recorder_ros' with the following arguments: {'ament_cmake_args': None, 'build_base': '/home/brl/ros2_ws/build/camera_recorder_ros', 'catkin_cmake_args': None, 'catkin_skip_building_tests': False, 'cmake_args': None, 'cmake_clean_cache': False, 'cmake_clean_first': False, 'cmake_force_configure': False, 'cmake_target': None, 'cmake_target_skip_unavailable': False, 'install_base': '/home/brl/ros2_ws/install/camera_recorder_ros', 'merge_install': False, 'path': '/home/brl/ros2_ws/src/camera_recorder_ros', 'symlink_install': False, 'test_result_base': None}
[0.419s] INFO:colcon.colcon_core.executor:Executing jobs using 'parallel' executor
[0.422s] DEBUG:colcon.colcon_parallel_executor.executor.parallel:run_until_complete
[0.422s] INFO:colcon.colcon_ros.task.ament_cmake.build:Building ROS package in '/home/brl/ros2_ws/src/camera_recorder_ros' with build type 'ament_cmake'
[0.423s] INFO:colcon.colcon_cmake.task.cmake.build:Building CMake package in '/home/brl/ros2_ws/src/camera_recorder_ros'
[0.426s] INFO:colcon.colcon_core.plugin_system:Skipping extension 'colcon_core.shell.bat': Not used on non-Windows systems
[0.426s] INFO:colcon.colcon_core.shell:Skip shell extension 'powershell' for command environment: Not usable outside of PowerShell
[0.426s] DEBUG:colcon.colcon_core.shell:Skip shell extension 'dsv' for command environment
[0.446s] DEBUG:colcon.colcon_core.event_handler.log_command:Invoking command in '/home/brl/ros2_ws/build/camera_recorder_ros': CMAKE_PREFIX_PATH=${CMAKE_PREFIX_PATH}:/home/brl/ros2_ws/install/camera_recorder:/opt/ros/humble PS1=(torch) \[\e]0;\u@\h: \w\a\]${debian_chroot:+($debian_chroot)}\[\033[01;32m\]\u@\h\[\033[00m\]:\[\033[01;34m\]\w\[\033[00m\]\$ VIRTUAL_ENV_PROMPT=(torch) /usr/bin/cmake --build /home/brl/ros2_ws/build/camera_recorder_ros -- -j8 -l8
[3.487s] DEBUG:colcon.colcon_core.event_handler.log_command:Invoked command in '/home/brl/ros2_ws/build/camera_recorder_ros' returned '0': CMAKE_PREFIX_PATH=${CMAKE_PREFIX_PATH}:/home/brl/ros2_ws/install/camera_recorder:/opt/ros/humble PS1=(torch) \[\e]0;\u@\h: \w\a\]${debian_chroot:+($debian_chroot)}\[\033[01;32m\]\u@\h\[\033[00m\]:\[\033[01;34m\]\w\[\033[00m\]\$ VIRTUAL_ENV_PROMPT=(torch) /usr/bin/cmake --build /home/brl/ros2_ws/build/camera_recorder_ros -- -j8 -l8
[3.605s] DEBUG:colcon.colcon_core.event_handler.log_command:Invoking command in '/home/brl/ros2_ws/build/camera_recorder_ros': CMAKE_PREFIX_PATH=${CMAKE_PREFIX_PATH}:/home/brl/ros2_ws/install/camera_recorder:/opt/ros/humble PS1=(torch) \[\e]0;\u@\h: \w\a\]${debian_chroot:+($debian_chroot)}\[\033[01;32m\]\u@\h\[\033[00m\]:\[\033[01;34m\]\w\[\033[00m\]\$ VIRTUAL_ENV_PROMPT=(torch) /usr/bin/cmake --install /home/brl/ros2_ws/build/camera_recorder_ros
[3.716s] Level 1:colcon.colcon_core.environment:create_environment_scripts_only(camera_recorder_ros)
[3.729s] DEBUG:colcon.colcon_core.event_handler.log_command:Invoked command in '/home/brl/ros2_ws/build/camera_recorder_ros' returned '0': CMAKE_PREFIX_PATH=${CMAKE_PREFIX_PATH}:/home/brl/ros2_ws/install/camera_recorder:/opt/ros/humble PS1=(torch) \[\e]0;\u@\h: \w\a\]${debian_chroot:+($debian_chroot)}\[\033[01;32m\]\u@\h\[\033[00m\]:\[\033[01;34m\]\w\[\033[00m\]\$ VIRTUAL_ENV_PROMPT=(torch) /usr/bin/cmake --install /home/brl/ros2_ws/build/camera_recorder_ros
[3.733s] Level 1:colcon.colcon_core.environment:checking '/home/brl/ros2_ws/install/camera_recorder_ros' for CMake module files
[3.736s] Level 1:colcon.colcon_core.environment:checking '/home/brl/ros2_ws/install/camera_recorder_ros' for CMake config files
[3.738s] Level 1:colcon.colcon_core.shell:create_environment_hook('camera_recorder_ros', 'cmake_prefix_path')
[3.739s] INFO:colcon.colcon_core.shell:Creating environment hook '/home/brl/ros2_ws/install/camera_recorder_ros/share/camera_recorder_ros/hook/cmake_prefix_path.ps1'
[3.741s] INFO:colcon.colcon_core.shell:Creating environment descriptor '/home/brl/ros2_ws/install/camera_recorder_ros/share/camera_recorder_ros/hook/cmake_prefix_path.dsv'
[3.743s] INFO:colcon.colcon_core.shell:Creating environment hook '/home/brl/ros2_ws/install/camera_recorder_ros/share/camera_recorder_ros/hook/cmake_prefix_path.sh'
[3.746s] Level 1:colcon.colcon_core.environment:checking '/home/brl/ros2_ws/install/camera_recorder_ros/lib'
[3.746s] Level 1:colcon.colcon_core.shell:create_environment_hook('camera_recorder_ros', 'ld_library_path_lib')
[3.747s] INFO:colcon.colcon_core.shell:Creating environment hook '/home/brl/ros2_ws/install/camera_recorder_ros/share/camera_recorder_ros/hook/ld_library_path_lib.ps1'
[3.748s] INFO:colcon.colcon_core.shell:Creating environment descriptor '/home/brl/ros2_ws/install/camera_recorder_ros/share/camera_recorder_ros/hook/ld_library_path_lib.dsv'
[3.750s] INFO:colcon.colcon_core.shell:Creating environment hook '/home/brl/ros2_ws/install/camera_recorder_ros/share/camera_recorder_ros/hook/ld_library_path_lib.sh'
[3.751s] Level 1:colcon.colcon_core.environment:checking '/home/brl/ros2_ws/install/camera_recorder_ros/bin'
[3.751s] Level 1:colcon.colcon_core.environment:checking '/home/brl/ros2_ws/install/camera_recorder_ros/lib/pkgconfig/camera_recorder_ros.pc'
[3.752s] Level 1:colcon.colcon_core.environment:checking '/home/brl/ros2_ws/install/camera_recorder_ros/lib/python3.10/site-packages'
[3.753s] Level 1:colcon.colcon_core.environment:checking '/home/brl/ros2_ws/install/camera_recorder_ros/bin'
[3.754s] INFO:colcon.colcon_core.shell:Creating package script '/home/brl/ros2_ws/install/camera_recorder_ros/share/camera_recorder_ros/package.ps1'
[3.757s] INFO:colcon.colcon_core.shell:Creating package descriptor '/home/brl/ros2_ws/install/camera_recorder_ros/share/camera_recorder_ros/package.dsv'
[3.759s] INFO:colcon.colcon_core.shell:Creating package script '/home/brl/ros2_ws/install/camera_recorder_ros/share/camera_recorder_ros/package.sh'
[3.761s] INFO:colcon.colcon_core.shell:Creating package script '/home/brl/ros2_ws/install/camera_recorder_ros/share/camera_recorder_ros/package.bash'
[3.764s] INFO:colcon.colcon_core.shell:Creating package script '/home/brl/ros2_ws/install/camera_recorder_ros/share/camera_recorder_ros/package.zsh'
[3.766s] Level 1:colcon.colcon_core.environment:create_file_with_runtime_dependencies(/home/brl/ros2_ws/install/camera_recorder_ros/share/colcon-core/packages/camera_recorder_ros)
[3.881s] Level 1:colcon.colcon_core.environment:create_environment_scripts_only(camera_recorder_ros)
[3.883s] Level 1:colcon.colcon_core.environment:checking '/home/brl/ros2_ws/install/camera_recorder_ros' for CMake module files
[3.885s] Level 1:colcon.colcon_core.environment:checking '/home/brl/ros2_ws/install/camera_recorder_ros' for CMake config files
[3.887s] Level 1:colcon.colcon_core.shell:create_environment_hook('camera_recorder_ros', 'cmake_prefix_path')
[3.888s] INFO:colcon.colcon_core.shell:Creating environment hook '/home/brl/ros2_ws/install/camera_recorder_ros/share/camera_recorder_ros/hook/cmake_prefix_path.ps1'
[3.889s] INFO:colcon.colcon_core.shell:Creating environment descriptor '/home/brl/ros2_ws/install/camera_recorder_ros/share/camera_recorder_ros/hook/cmake_prefix_path.dsv'
[3.890s] INFO:colcon.colcon_core.shell:Creating environment hook '/home/brl/ros2_ws/install/camera_recorder_ros/share/camera_recorder_ros/hook/cmake_prefix_path.sh'
[3.892s] Level 1:colcon.colcon_core.environment:checking '/home/brl/ros2_ws/install/camera_recorder_ros/lib'
[3.893s] Level 1:colcon.colcon_core.shell:create_environment_hook('camera_recorder_ros', 'ld_library_path_lib')
[3.894s] INFO:colcon.colcon_core.shell:Creating environment hook '/home/brl/ros2_ws/install/camera_recorder_ros/share/camera_recorder_ros/hook/ld_library_path_lib.ps1'
[3.895s] INFO:colcon.colcon_core.shell:Creating environment descriptor '/home/brl/ros2_ws/install/camera_recorder_ros/share/camera_recorder_ros/hook/ld_library_path_lib.dsv'
[3.897s] INFO:colcon.colcon_core.shell:Creating environment hook '/home/brl/ros2_ws/install/camera_recorder_ros/share/camera_recorder_ros/hook/ld_library_path_lib.sh'
[3.898s] Level 1:colcon.colcon_core.environment:checking '/home/brl/ros2_ws/install/camera_recorder_ros/bin'
[3.898s] Level 1:colcon.colcon_core.environment:checking '/home/brl/ros2_ws/install/camera_recorder_ros/lib/pkgconfig/camera_recorder_ros.pc'
[3.898s] Level 1:colcon.colcon_core.environment:checking '/home/brl/ros2_ws/install/camera_recorder_ros/lib/python3.10/site-packages'
[3.899s] Level 1:colcon.colcon_core.environment:checking '/home/brl/ros2_ws/install/camera_recorder_ros/bin'
[3.901s] INFO:colcon.colcon_core.shell:Creating package script '/home/brl/ros2_ws/install/camera_recorder_ros/share/camera_recorder_ros/package.ps1'
[3.903s] INFO:colcon.colcon_core.shell:Creating package descriptor '/home/brl/ros2_ws/install/camera_recorder_ros/share/camera_recorder_ros/package.dsv'
[3.903s] INFO:colcon.colcon_core.shell:Creating package script '/home/brl/ros2_ws/install/camera_recorder_ros/share/camera_recorder_ros/package.sh'
[3.905s] INFO:colcon.colcon_core.shell:Creating package script '/home/brl/ros2_ws/install/camera_recorder_ros/share/camera_recorder_ros/package.bash'
[3.906s] INFO:colcon.colcon_core.shell:Creating package script '/home/brl/ros2_ws/install/camera_recorder_ros/share/camera_recorder_ros/package.zsh'
[3.907s] Level 1:colcon.colcon_core.environment:create_file_with_runtime_dependencies(/home/brl/ros2_ws/install/camera_recorder_ros/share/colcon-core/packages/camera_recorder_ros)
[3.908s] DEBUG:colcon.colcon_parallel_executor.executor.parallel:closing loop
[3.909s] DEBUG:colcon.colcon_parallel_executor.executor.parallel:loop closed
[3.909s] DEBUG:colcon.colcon_parallel_executor.executor.parallel:run_until_complete finished with '0'
[3.909s] DEBUG:colcon.colcon_core.event_reactor:joining thread
[3.924s] INFO:colcon.colcon_core.plugin_system:Skipping extension 'colcon_notification.desktop_notification.terminal_notifier': Not used on non-Darwin systems
[3.924s] INFO:colcon.colcon_core.plugin_system:Skipping extension 'colcon_notification.desktop_notification.win32': Not used on non-Windows systems
[3.924s] INFO:colcon.colcon_notification.desktop_notification:Sending desktop notification using 'notify2'
[3.951s] DEBUG:colcon.colcon_core.event_reactor:joined thread
[3.952s] INFO:colcon.colcon_core.shell:Creating prefix script '/home/brl/ros2_ws/install/local_setup.ps1'
[3.956s] INFO:colcon.colcon_core.shell:Creating prefix util module '/home/brl/ros2_ws/install/_local_setup_util_ps1.py'
[3.961s] INFO:colcon.colcon_core.shell:Creating prefix chain script '/home/brl/ros2_ws/install/setup.ps1'
[3.965s] INFO:colcon.colcon_core.shell:Creating prefix script '/home/brl/ros2_ws/install/local_setup.sh'
[3.970s] INFO:colcon.colcon_core.shell:Creating prefix util module '/home/brl/ros2_ws/install/_local_setup_util_sh.py'
[3.972s] INFO:colcon.colcon_core.shell:Creating prefix chain script '/home/brl/ros2_ws/install/setup.sh'
[3.976s] INFO:colcon.colcon_core.shell:Creating prefix script '/home/brl/ros2_ws/install/local_setup.bash'
[3.978s] INFO:colcon.colcon_core.shell:Creating prefix chain script '/home/brl/ros2_ws/install/setup.bash'
[3.981s] INFO:colcon.colcon_core.shell:Creating prefix script '/home/brl/ros2_ws/install/local_setup.zsh'
[3.982s] INFO:colcon.colcon_core.shell:Creating prefix chain script '/home/brl/ros2_ws/install/setup.zsh'
