running egg_info
writing ../../build/camera_recorder/camera_recorder.egg-info/PKG-INFO
writing dependency_links to ../../build/camera_recorder/camera_recorder.egg-info/dependency_links.txt
writing entry points to ../../build/camera_recorder/camera_recorder.egg-info/entry_points.txt
writing requirements to ../../build/camera_recorder/camera_recorder.egg-info/requires.txt
writing top-level names to ../../build/camera_recorder/camera_recorder.egg-info/top_level.txt
reading manifest file '../../build/camera_recorder/camera_recorder.egg-info/SOURCES.txt'
writing manifest file '../../build/camera_recorder/camera_recorder.egg-info/SOURCES.txt'
running build
running build_py
copying camera_recorder/camera_recorder_node.py -> /home/brl/ros2_ws/build/camera_recorder/build/lib/camera_recorder
copying camera_recorder/camera_recorder.py -> /home/brl/ros2_ws/build/camera_recorder/build/lib/camera_recorder
copying camera_recorder/__init__.py -> /home/brl/ros2_ws/build/camera_recorder/build/lib/camera_recorder
running install
running install_lib
running install_data
copying resource/camera_recorder -> /home/brl/ros2_ws/install/camera_recorder/share/ament_index/resource_index/packages
copying package.xml -> /home/brl/ros2_ws/install/camera_recorder/share/camera_recorder
copying launch/camera_recorder.launch.py -> /home/brl/ros2_ws/install/camera_recorder/share/camera_recorder/launch
running install_egg_info
removing '/home/brl/ros2_ws/install/camera_recorder/lib/python3.10/site-packages/camera_recorder-0.1.0-py3.10.egg-info' (and everything under it)
Copying ../../build/camera_recorder/camera_recorder.egg-info to /home/brl/ros2_ws/install/camera_recorder/lib/python3.10/site-packages/camera_recorder-0.1.0-py3.10.egg-info
running install_scripts
Installing camera_recorder_node script to /home/brl/ros2_ws/install/camera_recorder/bin
writing list of installed files to '/home/brl/ros2_ws/build/camera_recorder/install.log'
